/sw/bioinfo/quast/5.0.2/snowy/bin/quast.py -t 2 -r /home/joed4996/Genome_analysis_local_rep/data/reference_assembly/GCF_002303985.1_Duzib1.0_genomic.fna.gz --output-dir /home/joed4996/Genome_analysis_local_rep/results/02_genome_assembly/quast_with_reference /domus/h1/joed4996/Genome_analysis_local_rep/results/02_genome_assembly/pilon/pilon_assembly_improvement.fasta

Version: 5.0.2

System information:
  OS: Linux-3.10.0-1160.88.1.el7.x86_64-x86_64-with-centos-7.9.2009-Core (linux_64)
  Python version: 3.7.2
  CPUs number: 16

Started: 2023-04-24 17:55:12

Logging to /home/joed4996/Genome_analysis_local_rep/results/02_genome_assembly/quast_with_reference/quast.log

CWD: /domus/h1/joed4996
Main parameters: 
  MODE: default, threads: 2, minimum contig length: 500, minimum alignment length: 65, \
  ambiguity: one, threshold for extensive misassembly size: 1000

Reference:
  /home/joed4996/Genome_analysis_local_rep/data/reference_assembly/GCF_002303985.1_Duzib1.0_genomic.fna.gz ==> GCF_002303985.1_Duzib1.0_genomic

Contigs:
  Pre-processing...
  /domus/h1/joed4996/Genome_analysis_local_rep/results/02_genome_assembly/pilon/pilon_assembly_improvement.fasta ==> pilon_assembly_improvement

2023-04-24 17:55:54
Running Basic statistics processor...
  Reference genome:
    GCF_002303985.1_Duzib1.0_genomic.fna, length = 715230256, num fragments = 677, GC % = 32.64
WARNING:   Reference genome is fragmented. You may consider rerunning QUAST using --fragmented option. QUAST will try to detect misassemblies caused by the fragmentation and mark them fake (will be excluded from # misassemblies).
  Contig files: 
    pilon_assembly_improvement
  Calculating N50 and L50...
    pilon_assembly_improvement, N50 = 180832, L50 = 40, Total length = 26279748, GC % = 31.70, # N's per 100 kbp =  0.00
  Drawing Nx plot...
    saved to /home/joed4996/Genome_analysis_local_rep/results/02_genome_assembly/quast_with_reference/basic_stats/Nx_plot.pdf
  Drawing NGx plot...
    saved to /home/joed4996/Genome_analysis_local_rep/results/02_genome_assembly/quast_with_reference/basic_stats/NGx_plot.pdf
  Drawing cumulative plot...
    saved to /home/joed4996/Genome_analysis_local_rep/results/02_genome_assembly/quast_with_reference/basic_stats/cumulative_plot.pdf
  Drawing GC content plot...
    saved to /home/joed4996/Genome_analysis_local_rep/results/02_genome_assembly/quast_with_reference/basic_stats/GC_content_plot.pdf
  Drawing pilon_assembly_improvement GC content plot...
    saved to /home/joed4996/Genome_analysis_local_rep/results/02_genome_assembly/quast_with_reference/basic_stats/pilon_assembly_improvement_GC_content_plot.pdf
Done.

2023-04-24 17:57:28
Running Contig analyzer...
  pilon_assembly_improvement
  Logging to files /home/joed4996/Genome_analysis_local_rep/results/02_genome_assembly/quast_with_reference/contigs_reports/contigs_report_pilon_assembly_improvement.stdout and contigs_report_pilon_assembly_improvement.stderr...
  Aligning contigs to the reference
  /sw/bioinfo/quast/5.0.2/rackham/lib/python3.7/site-packages/quast_libs/minimap2/minimap2 \
  -c -x asm5 -B5 -O4,16 --no-long-join -r 85 -N 50 -s 65 -z 200 --mask-level 0.9 --min-occ \
  200 -g 2500 --score-N 2 --cs -t 2 /home/joed4996/Genome_analysis_local_rep/results/02_genome_assembly/quast_with_reference/quast_corrected_input/GCF_002303985.1_Duzib1.0_genomic.fna \
  /home/joed4996/Genome_analysis_local_rep/results/02_genome_assembly/quast_with_reference/quast_corrected_input/pilon_assembly_improvement.fasta \
  > /home/joed4996/Genome_analysis_local_rep/results/02_genome_assembly/quast_with_reference/contigs_reports/minimap_output/pilon_assembly_improvement.coords_tmp \
  2>> /home/joed4996/Genome_analysis_local_rep/results/02_genome_assembly/quast_with_reference/contigs_reports/contigs_report_pilon_assembly_improvement.stderr
  Analysis is finished.

  Creating total report...
    saved to /home/joed4996/Genome_analysis_local_rep/results/02_genome_assembly/quast_with_reference/contigs_reports/misassemblies_report.txt, misassemblies_report.tsv, and misassemblies_report.tex
  Transposed version of total report...
    saved to /home/joed4996/Genome_analysis_local_rep/results/02_genome_assembly/quast_with_reference/contigs_reports/transposed_report_misassemblies.txt, transposed_report_misassemblies.tsv, and transposed_report_misassemblies.tex
  Creating total report...
    saved to /home/joed4996/Genome_analysis_local_rep/results/02_genome_assembly/quast_with_reference/contigs_reports/unaligned_report.txt, unaligned_report.tsv, and unaligned_report.tex
  Drawing misassemblies by types plot...
    saved to /home/joed4996/Genome_analysis_local_rep/results/02_genome_assembly/quast_with_reference/contigs_reports/misassemblies_plot.pdf
  Drawing misassemblies FRCurve plot...
    saved to /home/joed4996/Genome_analysis_local_rep/results/02_genome_assembly/quast_with_reference/contigs_reports/misassemblies_frcurve_plot.pdf
Done.

2023-04-24 17:59:47
Running NA-NGA calculation...
  pilon_assembly_improvement, Largest alignment = 788557, NA50 = 102674, LA50 = 56
  Drawing cumulative plot...
    saved to /home/joed4996/Genome_analysis_local_rep/results/02_genome_assembly/quast_with_reference/aligned_stats/cumulative_plot.pdf
  Drawing NAx plot...
    saved to /home/joed4996/Genome_analysis_local_rep/results/02_genome_assembly/quast_with_reference/aligned_stats/NAx_plot.pdf
  Drawing NGAx plot...
    saved to /home/joed4996/Genome_analysis_local_rep/results/02_genome_assembly/quast_with_reference/aligned_stats/NGAx_plot.pdf
Done.

2023-04-24 18:00:10
Running Genome analyzer...
  NOTICE: No file with genomic features were provided. Use the --features option if you want to specify it.

  NOTICE: No file with operons were provided. Use the -O option if you want to specify it.
  pilon_assembly_improvement
  Analysis is finished.
  Skipping drawing Genome fraction, % histogram... (less than 2 columns histogram makes no sense)
Done.

NOTICE: Genes are not predicted by default. Use --gene-finding or --glimmer option to enable it.

2023-04-24 18:04:26
Creating large visual summaries...
This may take a while: press Ctrl-C to skip this step..
  1 of 2: Creating Icarus viewers...
  2 of 2: Creating PDF with all tables and plots...
Done

2023-04-24 18:04:52
RESULTS:
  Text versions of total report are saved to /home/joed4996/Genome_analysis_local_rep/results/02_genome_assembly/quast_with_reference/report.txt, report.tsv, and report.tex
  Text versions of transposed total report are saved to /home/joed4996/Genome_analysis_local_rep/results/02_genome_assembly/quast_with_reference/transposed_report.txt, transposed_report.tsv, and transposed_report.tex
  HTML version (interactive tables and plots) is saved to /home/joed4996/Genome_analysis_local_rep/results/02_genome_assembly/quast_with_reference/report.html
  PDF version (tables and plots) is saved to /home/joed4996/Genome_analysis_local_rep/results/02_genome_assembly/quast_with_reference/report.pdf
  Icarus (contig browser) is saved to /home/joed4996/Genome_analysis_local_rep/results/02_genome_assembly/quast_with_reference/icarus.html
  Log is saved to /home/joed4996/Genome_analysis_local_rep/results/02_genome_assembly/quast_with_reference/quast.log

Finished: 2023-04-24 18:04:52
Elapsed time: 0:09:40.451718
NOTICEs: 3; WARNINGs: 1; non-fatal ERRORs: 0

Thank you for using QUAST!
