                                 Started job on |	Apr 25 15:12:30
                             Started mapping on |	Apr 25 15:12:31
                                    Finished on |	Apr 25 15:17:08
       Mapping speed, Million of reads per hour |	169.44

                          Number of input reads |	13037315
                      Average input read length |	199
                                    UNIQUE READS:
                   Uniquely mapped reads number |	12424015
                        Uniquely mapped reads % |	95.30%
                          Average mapped length |	199.71
                       Number of splices: Total |	249113
            Number of splices: Annotated (sjdb) |	0
                       Number of splices: GT/AG |	243077
                       Number of splices: GC/AG |	1742
                       Number of splices: AT/AC |	62
               Number of splices: Non-canonical |	4232
                      Mismatch rate per base, % |	0.14%
                         Deletion rate per base |	0.00%
                        Deletion average length |	1.68
                        Insertion rate per base |	0.01%
                       Insertion average length |	1.04
                             MULTI-MAPPING READS:
        Number of reads mapped to multiple loci |	485821
             % of reads mapped to multiple loci |	3.73%
        Number of reads mapped to too many loci |	5996
             % of reads mapped to too many loci |	0.05%
                                  UNMAPPED READS:
  Number of reads unmapped: too many mismatches |	0
       % of reads unmapped: too many mismatches |	0.00%
            Number of reads unmapped: too short |	121468
                 % of reads unmapped: too short |	0.93%
                Number of reads unmapped: other |	15
                     % of reads unmapped: other |	0.00%
                                  CHIMERIC READS:
                       Number of chimeric reads |	0
                            % of chimeric reads |	0.00%
