STAR version=2.7.9a
STAR compilation time,server,dir=2021-10-20T18:01:41+0200 rackham5.uppmax.uu.se:/sw/bioinfo/star/2.7.9a/src/STAR-2.7.9a/source
##### Command Line:
STAR --runThreadN 8 --genomeDir /home/joed4996/Genome_analysis_local_rep/results/03_genome_annotation/star_01_genome_index_dir/ --readFilesIn /home/joed4996/Genome_analysis_local_rep/results/01_preprocessing/trimmomatic_star/illumina_cDNA_trimmed_1P.fq.gz /home/joed4996/Genome_analysis_local_rep/results/01_preprocessing/trimmomatic_star/illumina_cDNA_trimmed_2P.fq.gz --readFilesCommand zcat --outSAMtype BAM Unsorted SortedByCoordinate
##### Initial USER parameters from Command Line:
###### All USER parameters from Command Line:
runThreadN                    8     ~RE-DEFINED
genomeDir                     /home/joed4996/Genome_analysis_local_rep/results/03_genome_annotation/star_01_genome_index_dir/     ~RE-DEFINED
readFilesIn                   /home/joed4996/Genome_analysis_local_rep/results/01_preprocessing/trimmomatic_star/illumina_cDNA_trimmed_1P.fq.gz   /home/joed4996/Genome_analysis_local_rep/results/01_preprocessing/trimmomatic_star/illumina_cDNA_trimmed_2P.fq.gz        ~RE-DEFINED
readFilesCommand              zcat        ~RE-DEFINED
outSAMtype                    BAM   Unsorted   SortedByCoordinate        ~RE-DEFINED
##### Finished reading parameters from all sources

##### Final user re-defined parameters-----------------:
runThreadN                        8
genomeDir                         /home/joed4996/Genome_analysis_local_rep/results/03_genome_annotation/star_01_genome_index_dir/
readFilesIn                       /home/joed4996/Genome_analysis_local_rep/results/01_preprocessing/trimmomatic_star/illumina_cDNA_trimmed_1P.fq.gz   /home/joed4996/Genome_analysis_local_rep/results/01_preprocessing/trimmomatic_star/illumina_cDNA_trimmed_2P.fq.gz   
readFilesCommand                  zcat   
outSAMtype                        BAM   Unsorted   SortedByCoordinate   

-------------------------------
##### Final effective command line:
STAR   --runThreadN 8   --genomeDir /home/joed4996/Genome_analysis_local_rep/results/03_genome_annotation/star_01_genome_index_dir/   --readFilesIn /home/joed4996/Genome_analysis_local_rep/results/01_preprocessing/trimmomatic_star/illumina_cDNA_trimmed_1P.fq.gz   /home/joed4996/Genome_analysis_local_rep/results/01_preprocessing/trimmomatic_star/illumina_cDNA_trimmed_2P.fq.gz      --readFilesCommand zcat      --outSAMtype BAM   Unsorted   SortedByCoordinate   
----------------------------------------

Number of fastq files for each mate = 1

   Input read files for mate 1 :
-rw-rw-r-- 1 joed4996 joed4996 806039163 Apr 25 13:51 /home/joed4996/Genome_analysis_local_rep/results/01_preprocessing/trimmomatic_star/illumina_cDNA_trimmed_1P.fq.gz

   readsCommandsFile:
exec > "./_STARtmp/tmp.fifo.read1"
echo FILE 0
zcat      "/home/joed4996/Genome_analysis_local_rep/results/01_preprocessing/trimmomatic_star/illumina_cDNA_trimmed_1P.fq.gz"


   Input read files for mate 2 :
-rw-rw-r-- 1 joed4996 joed4996 759394368 Apr 25 13:51 /home/joed4996/Genome_analysis_local_rep/results/01_preprocessing/trimmomatic_star/illumina_cDNA_trimmed_2P.fq.gz

   readsCommandsFile:
exec > "./_STARtmp/tmp.fifo.read2"
echo FILE 0
zcat      "/home/joed4996/Genome_analysis_local_rep/results/01_preprocessing/trimmomatic_star/illumina_cDNA_trimmed_2P.fq.gz"

ParametersSolo: --soloCellFilterType CellRanger2.2 filtering parameters:  3000 0.99 10
WARNING: --limitBAMsortRAM=0, will use genome size as RAM limit for BAM sorting
Finished loading and checking parameters
Reading genome generation parameters:
### STAR   --runMode genomeGenerate      --genomeDir /home/joed4996/Genome_analysis_local_rep/results/03_genome_annotation/star_01_genome_index_dir   --genomeFastaFiles /home/joed4996/Genome_analysis_local_rep/results/03_genome_annotation/repeatmasker/pilon_assembly_improvement.fasta.masked   
### GstrandBit=32
versionGenome                 2.7.4a     ~RE-DEFINED
genomeType                    Full     ~RE-DEFINED
genomeFastaFiles              /home/joed4996/Genome_analysis_local_rep/results/03_genome_annotation/repeatmasker/pilon_assembly_improvement.fasta.masked        ~RE-DEFINED
genomeSAindexNbases           14     ~RE-DEFINED
genomeChrBinNbits             18     ~RE-DEFINED
genomeSAsparseD               1     ~RE-DEFINED
genomeTransformType           None     ~RE-DEFINED
genomeTransformVCF            -     ~RE-DEFINED
sjdbOverhang                  0     ~RE-DEFINED
sjdbFileChrStartEnd           -        ~RE-DEFINED
sjdbGTFfile                   -     ~RE-DEFINED
sjdbGTFchrPrefix              -     ~RE-DEFINED
sjdbGTFfeatureExon            exon     ~RE-DEFINED
sjdbGTFtagExonParentTranscripttranscript_id     ~RE-DEFINED
sjdbGTFtagExonParentGene      gene_id     ~RE-DEFINED
sjdbInsertSave                Basic     ~RE-DEFINED
genomeFileSizes               187695104   208307949        ~RE-DEFINED
Genome version is compatible with current STAR
Number of real (reference) chromosomes= 688
1	tig00000001_pilon	788557	0
2	tig00000002_pilon	621642	1048576
3	tig00000003_pilon	24055	1835008
4	tig00000004_pilon	14451	2097152
5	tig00000005_pilon	18504	2359296
6	tig00000007_pilon	25617	2621440
7	tig00000009_pilon	17680	2883584
8	tig00000011_pilon	593987	3145728
9	tig00000013_pilon	557948	3932160
10	tig00000015_pilon	26535	4718592
11	tig00000016_pilon	490184	4980736
12	tig00000017_pilon	15602	5505024
13	tig00000018_pilon	530967	5767168
14	tig00000019_pilon	17833	6553600
15	tig00000021_pilon	48249	6815744
16	tig00000024_pilon	532029	7077888
17	tig00000025_pilon	462290	7864320
18	tig00000026_pilon	13356	8388608
19	tig00000027_pilon	409678	8650752
20	tig00000028_pilon	25887	9175040
21	tig00000029_pilon	26379	9437184
22	tig00000030_pilon	13745	9699328
23	tig00000031_pilon	16193	9961472
24	tig00000033_pilon	377785	10223616
25	tig00000035_pilon	9452	10747904
26	tig00000036_pilon	378158	11010048
27	tig00000038_pilon	315553	11534336
28	tig00000039_pilon	338921	12058624
29	tig00000041_pilon	360117	12582912
30	tig00000042_pilon	346616	13107200
31	tig00000043_pilon	22019	13631488
32	tig00000045_pilon	364373	13893632
33	tig00000047_pilon	41471	14417920
34	tig00000048_pilon	287907	14680064
35	tig00000049_pilon	344831	15204352
36	tig00000050_pilon	326384	15728640
37	tig00000052_pilon	26000	16252928
38	tig00000053_pilon	19430	16515072
39	tig00000054_pilon	21041	16777216
40	tig00000055_pilon	9767	17039360
41	tig00000057_pilon	314903	17301504
42	tig00000058_pilon	12388	17825792
43	tig00000059_pilon	254332	18087936
44	tig00000060_pilon	32723	18350080
45	tig00000061_pilon	8988	18612224
46	tig00000062_pilon	218579	18874368
47	tig00000063_pilon	20843	19136512
48	tig00000064_pilon	19633	19398656
49	tig00000065_pilon	24172	19660800
50	tig00000066_pilon	12874	19922944
51	tig00000067_pilon	42750	20185088
52	tig00000068_pilon	40313	20447232
53	tig00000069_pilon	22578	20709376
54	tig00000071_pilon	23614	20971520
55	tig00000072_pilon	276378	21233664
56	tig00000074_pilon	233746	21757952
57	tig00000075_pilon	241522	22020096
58	tig00000076_pilon	20427	22282240
59	tig00000077_pilon	246843	22544384
60	tig00000078_pilon	29037	22806528
61	tig00000079_pilon	20073	23068672
62	tig00000081_pilon	243857	23330816
63	tig00000082_pilon	257879	23592960
64	tig00000083_pilon	23605	23855104
65	tig00000084_pilon	31117	24117248
66	tig00000085_pilon	230109	24379392
67	tig00000086_pilon	253830	24641536
68	tig00000090_pilon	234721	24903680
69	tig00000091_pilon	27548	25165824
70	tig00000092_pilon	19308	25427968
71	tig00000093_pilon	228087	25690112
72	tig00000094_pilon	202368	25952256
73	tig00000095_pilon	187166	26214400
74	tig00000096_pilon	20213	26476544
75	tig00000098_pilon	8515	26738688
76	tig00000099_pilon	234277	27000832
77	tig00000100_pilon	225835	27262976
78	tig00000101_pilon	28943	27525120
79	tig00000104_pilon	11227	27787264
80	tig00000105_pilon	22672	28049408
81	tig00000106_pilon	29107	28311552
82	tig00000108_pilon	31674	28573696
83	tig00000110_pilon	180832	28835840
84	tig00000111_pilon	15062	29097984
85	tig00000112_pilon	12261	29360128
86	tig00000114_pilon	198644	29622272
87	tig00000115_pilon	14138	29884416
88	tig00000116_pilon	209451	30146560
89	tig00000117_pilon	178999	30408704
90	tig00000118_pilon	192640	30670848
91	tig00000120_pilon	139579	30932992
92	tig00000123_pilon	141800	31195136
93	tig00000125_pilon	22089	31457280
94	tig00000127_pilon	161905	31719424
95	tig00000128_pilon	26717	31981568
96	tig00000129_pilon	19859	32243712
97	tig00000130_pilon	156060	32505856
98	tig00000132_pilon	27632	32768000
99	tig00000133_pilon	151425	33030144
100	tig00000135_pilon	33198	33292288
101	tig00000136_pilon	32150	33554432
102	tig00000137_pilon	140364	33816576
103	tig00000139_pilon	27335	34078720
104	tig00000140_pilon	22668	34340864
105	tig00000141_pilon	30084	34603008
106	tig00000142_pilon	13204	34865152
107	tig00000143_pilon	122192	35127296
108	tig00000144_pilon	15004	35389440
109	tig00000145_pilon	116663	35651584
110	tig00000146_pilon	128361	35913728
111	tig00000147_pilon	155588	36175872
112	tig00000149_pilon	10990	36438016
113	tig00000151_pilon	102857	36700160
114	tig00000152_pilon	105973	36962304
115	tig00000153_pilon	19527	37224448
116	tig00000155_pilon	109638	37486592
117	tig00000156_pilon	21804	37748736
118	tig00000157_pilon	87069	38010880
119	tig00000159_pilon	102674	38273024
120	tig00000160_pilon	79679	38535168
121	tig00000161_pilon	10420	38797312
122	tig00000162_pilon	87164	39059456
123	tig00000163_pilon	22541	39321600
124	tig00000166_pilon	113097	39583744
125	tig00000167_pilon	70193	39845888
126	tig00000168_pilon	18710	40108032
127	tig00000169_pilon	14381	40370176
128	tig00000171_pilon	83369	40632320
129	tig00000173_pilon	17315	40894464
130	tig00000175_pilon	96304	41156608
131	tig00000176_pilon	18666	41418752
132	tig00000178_pilon	91526	41680896
133	tig00000179_pilon	90048	41943040
134	tig00000180_pilon	87418	42205184
135	tig00000182_pilon	54428	42467328
136	tig00000183_pilon	58464	42729472
137	tig00000185_pilon	22570	42991616
138	tig00000187_pilon	67586	43253760
139	tig00000188_pilon	18821	43515904
140	tig00000189_pilon	12323	43778048
141	tig00000190_pilon	69194	44040192
142	tig00000191_pilon	83327	44302336
143	tig00000193_pilon	66983	44564480
144	tig00000194_pilon	83314	44826624
145	tig00000195_pilon	66794	45088768
146	tig00000196_pilon	49388	45350912
147	tig00000198_pilon	97086	45613056
148	tig00000199_pilon	88668	45875200
149	tig00000201_pilon	13316	46137344
150	tig00000203_pilon	71693	46399488
151	tig00000205_pilon	45039	46661632
152	tig00000206_pilon	50289	46923776
153	tig00000208_pilon	20164	47185920
154	tig00000210_pilon	19127	47448064
155	tig00000211_pilon	55826	47710208
156	tig00000212_pilon	58876	47972352
157	tig00000215_pilon	60807	48234496
158	tig00000216_pilon	25916	48496640
159	tig00000217_pilon	18142	48758784
160	tig00000218_pilon	59638	49020928
161	tig00000219_pilon	24023	49283072
162	tig00000220_pilon	13160	49545216
163	tig00000221_pilon	49981	49807360
164	tig00000222_pilon	59362	50069504
165	tig00000223_pilon	17682	50331648
166	tig00000225_pilon	14180	50593792
167	tig00000226_pilon	15963	50855936
168	tig00000227_pilon	22581	51118080
169	tig00000228_pilon	49255	51380224
170	tig00000230_pilon	69784	51642368
171	tig00000231_pilon	55719	51904512
172	tig00000232_pilon	35803	52166656
173	tig00000234_pilon	14669	52428800
174	tig00000236_pilon	52067	52690944
175	tig00000238_pilon	21686	52953088
176	tig00000239_pilon	45604	53215232
177	tig00000240_pilon	34650	53477376
178	tig00000242_pilon	52826	53739520
179	tig00000244_pilon	46208	54001664
180	tig00000245_pilon	16110	54263808
181	tig00000246_pilon	21125	54525952
182	tig00000247_pilon	13618	54788096
183	tig00000250_pilon	36979	55050240
184	tig00000252_pilon	68655	55312384
185	tig00000254_pilon	11500	55574528
186	tig00000255_pilon	12857	55836672
187	tig00000257_pilon	38641	56098816
188	tig00000258_pilon	61061	56360960
189	tig00000259_pilon	29438	56623104
190	tig00000260_pilon	58568	56885248
191	tig00000262_pilon	42678	57147392
192	tig00000263_pilon	52955	57409536
193	tig00000264_pilon	55181	57671680
194	tig00000266_pilon	35395	57933824
195	tig00000267_pilon	28963	58195968
196	tig00000268_pilon	33693	58458112
197	tig00000269_pilon	38161	58720256
198	tig00000271_pilon	37981	58982400
199	tig00000272_pilon	23910	59244544
200	tig00000274_pilon	33710	59506688
201	tig00000276_pilon	13801	59768832
202	tig00000277_pilon	41468	60030976
203	tig00000278_pilon	35849	60293120
204	tig00000279_pilon	8802	60555264
205	tig00000280_pilon	12972	60817408
206	tig00000281_pilon	33247	61079552
207	tig00000282_pilon	47489	61341696
208	tig00000283_pilon	28434	61603840
209	tig00000284_pilon	15497	61865984
210	tig00000285_pilon	27623	62128128
211	tig00000287_pilon	18529	62390272
212	tig00000288_pilon	35985	62652416
213	tig00000289_pilon	49343	62914560
214	tig00000292_pilon	27484	63176704
215	tig00000293_pilon	29024	63438848
216	tig00000294_pilon	23472	63700992
217	tig00000295_pilon	30453	63963136
218	tig00000297_pilon	21029	64225280
219	tig00000300_pilon	18248	64487424
220	tig00000302_pilon	22572	64749568
221	tig00000304_pilon	20281	65011712
222	tig00000305_pilon	36922	65273856
223	tig00000307_pilon	13538	65536000
224	tig00000308_pilon	24189	65798144
225	tig00000310_pilon	26325	66060288
226	tig00000312_pilon	28784	66322432
227	tig00000313_pilon	19717	66584576
228	tig00000314_pilon	45518	66846720
229	tig00000315_pilon	11808	67108864
230	tig00000318_pilon	15530	67371008
231	tig00000319_pilon	27367	67633152
232	tig00000320_pilon	23589	67895296
233	tig00000321_pilon	12938	68157440
234	tig00000323_pilon	18435	68419584
235	tig00000325_pilon	14030	68681728
236	tig00000326_pilon	16326	68943872
237	tig00000327_pilon	25903	69206016
238	tig00000328_pilon	14845	69468160
239	tig00000329_pilon	28862	69730304
240	tig00000330_pilon	30861	69992448
241	tig00000331_pilon	41655	70254592
242	tig00000332_pilon	19968	70516736
243	tig00000333_pilon	23304	70778880
244	tig00000335_pilon	10779	71041024
245	tig00000336_pilon	19869	71303168
246	tig00000338_pilon	31538	71565312
247	tig00000340_pilon	10530	71827456
248	tig00000341_pilon	17070	72089600
249	tig00000342_pilon	9192	72351744
250	tig00000343_pilon	21527	72613888
251	tig00000345_pilon	12663	72876032
252	tig00000346_pilon	26729	73138176
253	tig00000347_pilon	21518	73400320
254	tig00000349_pilon	16125	73662464
255	tig00000350_pilon	25864	73924608
256	tig00000351_pilon	15486	74186752
257	tig00000352_pilon	15999	74448896
258	tig00000353_pilon	13652	74711040
259	tig00000354_pilon	26119	74973184
260	tig00000355_pilon	15379	75235328
261	tig00000356_pilon	21559	75497472
262	tig00000357_pilon	10286	75759616
263	tig00000358_pilon	9364	76021760
264	tig00000360_pilon	31114	76283904
265	tig00000361_pilon	28541	76546048
266	tig00000362_pilon	18746	76808192
267	tig00000363_pilon	31185	77070336
268	tig00000365_pilon	11428	77332480
269	tig00000367_pilon	15745	77594624
270	tig00000368_pilon	15291	77856768
271	tig00000370_pilon	8347	78118912
272	tig00000371_pilon	19386	78381056
273	tig00000372_pilon	13505	78643200
274	tig00000373_pilon	12535	78905344
275	tig00000374_pilon	32135	79167488
276	tig00000376_pilon	16238	79429632
277	tig00000378_pilon	9836	79691776
278	tig00000380_pilon	28180	79953920
279	tig00000382_pilon	20337	80216064
280	tig00000383_pilon	15281	80478208
281	tig00000384_pilon	26063	80740352
282	tig00000386_pilon	13178	81002496
283	tig00000387_pilon	14731	81264640
284	tig00000388_pilon	12578	81526784
285	tig00000389_pilon	15728	81788928
286	tig00000390_pilon	9099	82051072
287	tig00000391_pilon	9366	82313216
288	tig00000392_pilon	3323	82575360
289	tig00000394_pilon	18445	82837504
290	tig00000395_pilon	10718	83099648
291	tig00000396_pilon	11978	83361792
292	tig00000397_pilon	29752	83623936
293	tig00000399_pilon	24186	83886080
294	tig00000400_pilon	26590	84148224
295	tig00000401_pilon	11303	84410368
296	tig00000402_pilon	14829	84672512
297	tig00000403_pilon	27831	84934656
298	tig00000404_pilon	17167	85196800
299	tig00000406_pilon	14739	85458944
300	tig00000407_pilon	11133	85721088
301	tig00000408_pilon	14291	85983232
302	tig00000409_pilon	13513	86245376
303	tig00000413_pilon	23846	86507520
304	tig00000415_pilon	14051	86769664
305	tig00000416_pilon	17694	87031808
306	tig00000417_pilon	12775	87293952
307	tig00000419_pilon	12090	87556096
308	tig00000421_pilon	17262	87818240
309	tig00000423_pilon	3832	88080384
310	tig00000424_pilon	17413	88342528
311	tig00000425_pilon	11820	88604672
312	tig00000426_pilon	16683	88866816
313	tig00000427_pilon	7217	89128960
314	tig00000430_pilon	8489	89391104
315	tig00000431_pilon	15478	89653248
316	tig00000432_pilon	7506	89915392
317	tig00000434_pilon	5922	90177536
318	tig00000435_pilon	4493	90439680
319	tig00000437_pilon	14403	90701824
320	tig00000438_pilon	12227	90963968
321	tig00000439_pilon	15483	91226112
322	tig00000440_pilon	10856	91488256
323	tig00000441_pilon	16824	91750400
324	tig00000442_pilon	10907	92012544
325	tig00000444_pilon	11012	92274688
326	tig00000445_pilon	13339	92536832
327	tig00000446_pilon	12390	92798976
328	tig00000447_pilon	14616	93061120
329	tig00000448_pilon	16534	93323264
330	tig00000449_pilon	15533	93585408
331	tig00000450_pilon	12599	93847552
332	tig00000452_pilon	9104	94109696
333	tig00000453_pilon	12934	94371840
334	tig00000454_pilon	8136	94633984
335	tig00000457_pilon	8107	94896128
336	tig00000458_pilon	16508	95158272
337	tig00000461_pilon	8829	95420416
338	tig00000463_pilon	17055	95682560
339	tig00000464_pilon	12688	95944704
340	tig00000465_pilon	13784	96206848
341	tig00000466_pilon	9253	96468992
342	tig00000468_pilon	3309	96731136
343	tig00000472_pilon	14741	96993280
344	tig00000473_pilon	12152	97255424
345	tig00000474_pilon	19218	97517568
346	tig00000475_pilon	9126	97779712
347	tig00000476_pilon	15423	98041856
348	tig00000477_pilon	10813	98304000
349	tig00000478_pilon	3841	98566144
350	tig00000480_pilon	8450	98828288
351	tig00000482_pilon	8963	99090432
352	tig00000483_pilon	10330	99352576
353	tig00000485_pilon	7935	99614720
354	tig00000487_pilon	5830	99876864
355	tig00000489_pilon	5040	100139008
356	tig00000490_pilon	9713	100401152
357	tig00000491_pilon	12480	100663296
358	tig00000495_pilon	15232	100925440
359	tig00000498_pilon	6902	101187584
360	tig00000501_pilon	4743	101449728
361	tig00000504_pilon	13872	101711872
362	tig00000505_pilon	33118	101974016
363	tig00000507_pilon	8701	102236160
364	tig00000508_pilon	7557	102498304
365	tig00000510_pilon	13450	102760448
366	tig00000511_pilon	2033	103022592
367	tig00000512_pilon	11812	103284736
368	tig00000513_pilon	14111	103546880
369	tig00000515_pilon	12611	103809024
370	tig00000516_pilon	10788	104071168
371	tig00000518_pilon	13951	104333312
372	tig00000519_pilon	23855	104595456
373	tig00000520_pilon	9684	104857600
374	tig00000521_pilon	11057	105119744
375	tig00000522_pilon	11319	105381888
376	tig00000524_pilon	14834	105644032
377	tig00000526_pilon	14479	105906176
378	tig00000527_pilon	21766	106168320
379	tig00000528_pilon	10731	106430464
380	tig00000530_pilon	10516	106692608
381	tig00000531_pilon	1417	106954752
382	tig00000532_pilon	12137	107216896
383	tig00000533_pilon	3455	107479040
384	tig00000534_pilon	6996	107741184
385	tig00000536_pilon	8412	108003328
386	tig00000537_pilon	12939	108265472
387	tig00000539_pilon	6177	108527616
388	tig00000540_pilon	16507	108789760
389	tig00000541_pilon	19735	109051904
390	tig00000542_pilon	11329	109314048
391	tig00000544_pilon	9028	109576192
392	tig00000547_pilon	18305	109838336
393	tig00000549_pilon	10548	110100480
394	tig00000551_pilon	6371	110362624
395	tig00000552_pilon	9629	110624768
396	tig00000554_pilon	7484	110886912
397	tig00000555_pilon	3093	111149056
398	tig00000557_pilon	10878	111411200
399	tig00000558_pilon	6618	111673344
400	tig00000559_pilon	13586	111935488
401	tig00000560_pilon	9400	112197632
402	tig00000562_pilon	13494	112459776
403	tig00000565_pilon	10331	112721920
404	tig00000567_pilon	8141	112984064
405	tig00000569_pilon	11046	113246208
406	tig00000571_pilon	5587	113508352
407	tig00000573_pilon	12779	113770496
408	tig00000574_pilon	8402	114032640
409	tig00000576_pilon	12313	114294784
410	tig00000579_pilon	6845	114556928
411	tig00000580_pilon	12392	114819072
412	tig00000581_pilon	1781	115081216
413	tig00000582_pilon	20125	115343360
414	tig00000583_pilon	9675	115605504
415	tig00000585_pilon	7586	115867648
416	tig00000587_pilon	8162	116129792
417	tig00000588_pilon	14116	116391936
418	tig00000590_pilon	5962	116654080
419	tig00000591_pilon	9370	116916224
420	tig00000593_pilon	8967	117178368
421	tig00000595_pilon	3899	117440512
422	tig00000596_pilon	10972	117702656
423	tig00000597_pilon	2542	117964800
424	tig00000598_pilon	4811	118226944
425	tig00000602_pilon	2641	118489088
426	tig00000606_pilon	4373	118751232
427	tig00000607_pilon	14538	119013376
428	tig00000609_pilon	10736	119275520
429	tig00000611_pilon	7541	119537664
430	tig00000613_pilon	6570	119799808
431	tig00000615_pilon	17144	120061952
432	tig00000616_pilon	15936	120324096
433	tig00000618_pilon	12523	120586240
434	tig00000619_pilon	21163	120848384
435	tig00000621_pilon	10696	121110528
436	tig00000622_pilon	6696	121372672
437	tig00000624_pilon	14997	121634816
438	tig00000625_pilon	15308	121896960
439	tig00000626_pilon	15951	122159104
440	tig00000627_pilon	5927	122421248
441	tig00000628_pilon	4819	122683392
442	tig00000629_pilon	8818	122945536
443	tig00000630_pilon	2210	123207680
444	tig00000632_pilon	4181	123469824
445	tig00000634_pilon	6040	123731968
446	tig00000635_pilon	9112	123994112
447	tig00000637_pilon	5609	124256256
448	tig00000638_pilon	4994	124518400
449	tig00000639_pilon	12224	124780544
450	tig00000640_pilon	12684	125042688
451	tig00000642_pilon	8929	125304832
452	tig00000645_pilon	10342	125566976
453	tig00000646_pilon	7156	125829120
454	tig00000647_pilon	9684	126091264
455	tig00000648_pilon	7701	126353408
456	tig00000649_pilon	12419	126615552
457	tig00000650_pilon	8346	126877696
458	tig00000651_pilon	9289	127139840
459	tig00000652_pilon	1965	127401984
460	tig00000656_pilon	6143	127664128
461	tig00000657_pilon	11679	127926272
462	tig00000658_pilon	3588	128188416
463	tig00000659_pilon	11815	128450560
464	tig00000660_pilon	2211	128712704
465	tig00000661_pilon	7455	128974848
466	tig00000662_pilon	1082	129236992
467	tig00000664_pilon	7478	129499136
468	tig00000665_pilon	2340	129761280
469	tig00000667_pilon	6911	130023424
470	tig00000670_pilon	1709	130285568
471	tig00000671_pilon	6218	130547712
472	tig00000672_pilon	2092	130809856
473	tig00000673_pilon	1794	131072000
474	tig00000674_pilon	4902	131334144
475	tig00000675_pilon	4314	131596288
476	tig00000676_pilon	8578	131858432
477	tig00000678_pilon	3400	132120576
478	tig00000679_pilon	9459	132382720
479	tig00000680_pilon	10778	132644864
480	tig00000681_pilon	10253	132907008
481	tig00000682_pilon	5626	133169152
482	tig00000683_pilon	10135	133431296
483	tig00000687_pilon	22788	133693440
484	tig00000688_pilon	12429	133955584
485	tig00000689_pilon	15467	134217728
486	tig00000692_pilon	15806	134479872
487	tig00000693_pilon	10999	134742016
488	tig00000694_pilon	8430	135004160
489	tig00000695_pilon	18507	135266304
490	tig00000696_pilon	8219	135528448
491	tig00000698_pilon	15958	135790592
492	tig00000699_pilon	8038	136052736
493	tig00000701_pilon	7601	136314880
494	tig00000702_pilon	9585	136577024
495	tig00000703_pilon	4348	136839168
496	tig00000705_pilon	4377	137101312
497	tig00000711_pilon	16712	137363456
498	tig00000712_pilon	15288	137625600
499	tig00000713_pilon	12360	137887744
500	tig00000716_pilon	10267	138149888
501	tig00000719_pilon	7454	138412032
502	tig00000720_pilon	8293	138674176
503	tig00000721_pilon	7330	138936320
504	tig00000722_pilon	27222	139198464
505	tig00000724_pilon	7429	139460608
506	tig00000725_pilon	8579	139722752
507	tig00000726_pilon	10363	139984896
508	tig00000727_pilon	14981	140247040
509	tig00000728_pilon	16935	140509184
510	tig00000729_pilon	16696	140771328
511	tig00000730_pilon	7760	141033472
512	tig00000731_pilon	4340	141295616
513	tig00000743_pilon	9941	141557760
514	tig00000744_pilon	8512	141819904
515	tig00000745_pilon	14696	142082048
516	tig00000755_pilon	10603	142344192
517	tig00000756_pilon	8259	142606336
518	tig00000759_pilon	7422	142868480
519	tig00000760_pilon	3408	143130624
520	tig00000762_pilon	16935	143392768
521	tig00000770_pilon	6146	143654912
522	tig00000773_pilon	2358	143917056
523	tig00000774_pilon	5030	144179200
524	tig00000775_pilon	3104	144441344
525	tig00000780_pilon	7111	144703488
526	tig00000781_pilon	5798	144965632
527	tig00000782_pilon	14565	145227776
528	tig00000783_pilon	13217	145489920
529	tig00000786_pilon	10577	145752064
530	tig00000787_pilon	4346	146014208
531	tig00000797_pilon	1970	146276352
532	tig00000800_pilon	5435	146538496
533	tig00000810_pilon	4016	146800640
534	tig00000811_pilon	13935	147062784
535	tig00000822_pilon	5230	147324928
536	tig00000826_pilon	7553	147587072
537	tig00000827_pilon	1869	147849216
538	tig00000832_pilon	4637	148111360
539	tig00000838_pilon	1380	148373504
540	tig00000839_pilon	4071	148635648
541	tig00000840_pilon	3306	148897792
542	tig00000841_pilon	5957	149159936
543	tig00000844_pilon	10929	149422080
544	tig00000846_pilon	3110	149684224
545	tig00000856_pilon	4804	149946368
546	tig00000857_pilon	3573	150208512
547	tig00000858_pilon	8478	150470656
548	tig00000864_pilon	2757	150732800
549	tig00000875_pilon	3747	150994944
550	tig00000876_pilon	5769	151257088
551	tig00000877_pilon	7983	151519232
552	tig00000878_pilon	6454	151781376
553	tig00000881_pilon	4270	152043520
554	tig00000884_pilon	4373	152305664
555	tig00000888_pilon	21112	152567808
556	tig00000891_pilon	1822	152829952
557	tig00000898_pilon	7767	153092096
558	tig00000900_pilon	10689	153354240
559	tig00000905_pilon	10849	153616384
560	tig00000906_pilon	9731	153878528
561	tig00000909_pilon	6010	154140672
562	tig00000910_pilon	3689	154402816
563	tig00000915_pilon	7239	154664960
564	tig00000916_pilon	8818	154927104
565	tig00000917_pilon	13019	155189248
566	tig00000918_pilon	10395	155451392
567	tig00000931_pilon	12243	155713536
568	tig00000934_pilon	14536	155975680
569	tig00000937_pilon	3435	156237824
570	tig00000946_pilon	1241	156499968
571	tig00000950_pilon	9107	156762112
572	tig00000956_pilon	2657	157024256
573	tig00000961_pilon	4497	157286400
574	tig00000963_pilon	6758	157548544
575	tig00000965_pilon	3952	157810688
576	tig00000968_pilon	4246	158072832
577	tig00000971_pilon	1955	158334976
578	tig00000976_pilon	17349	158597120
579	tig00000979_pilon	10942	158859264
580	tig00000982_pilon	5997	159121408
581	tig00000985_pilon	6787	159383552
582	tig00000989_pilon	5229	159645696
583	tig00000997_pilon	3362	159907840
584	tig00000998_pilon	5663	160169984
585	tig00001001_pilon	11183	160432128
586	tig00001006_pilon	1966	160694272
587	tig00001007_pilon	4076	160956416
588	tig00001008_pilon	6184	161218560
589	tig00001009_pilon	6138	161480704
590	tig00001010_pilon	4878	161742848
591	tig00001012_pilon	8466	162004992
592	tig00001019_pilon	3431	162267136
593	tig00001022_pilon	2608	162529280
594	tig00001023_pilon	3684	162791424
595	tig00001028_pilon	8941	163053568
596	tig00001034_pilon	5572	163315712
597	tig00001040_pilon	2588	163577856
598	tig00001042_pilon	3851	163840000
599	tig00001045_pilon	5624	164102144
600	tig00001046_pilon	4389	164364288
601	tig00001054_pilon	1189	164626432
602	tig00001056_pilon	10377	164888576
603	tig00001059_pilon	3178	165150720
604	tig00001060_pilon	7874	165412864
605	tig00001062_pilon	13228	165675008
606	tig00001065_pilon	9616	165937152
607	tig00001070_pilon	6042	166199296
608	tig00001079_pilon	8145	166461440
609	tig00001080_pilon	3611	166723584
610	tig00001085_pilon	7991	166985728
611	tig00001088_pilon	14575	167247872
612	tig00001089_pilon	4863	167510016
613	tig00001090_pilon	1831	167772160
614	tig00001091_pilon	9973	168034304
615	tig00001094_pilon	8362	168296448
616	tig00001095_pilon	13696	168558592
617	tig00001096_pilon	1914	168820736
618	tig00001097_pilon	3644	169082880
619	tig00001099_pilon	3688	169345024
620	tig00001105_pilon	2387	169607168
621	tig00001106_pilon	8755	169869312
622	tig00001107_pilon	1616	170131456
623	tig00001109_pilon	7533	170393600
624	tig00001111_pilon	18509	170655744
625	tig00001116_pilon	7161	170917888
626	tig00001122_pilon	6859	171180032
627	tig00001131_pilon	12229	171442176
628	tig00001132_pilon	11405	171704320
629	tig00001135_pilon	5091	171966464
630	tig00001138_pilon	1116	172228608
631	tig00001140_pilon	8468	172490752
632	tig00001143_pilon	1679	172752896
633	tig00001147_pilon	6409	173015040
634	tig00001153_pilon	11985	173277184
635	tig00001158_pilon	9864	173539328
636	tig00001161_pilon	13966	173801472
637	tig00001162_pilon	14955	174063616
638	tig00001165_pilon	5809	174325760
639	tig00001172_pilon	11442	174587904
640	tig00001175_pilon	6926	174850048
641	tig00001176_pilon	16754	175112192
642	tig00001177_pilon	17127	175374336
643	tig00001178_pilon	4173	175636480
644	tig00001179_pilon	2187	175898624
645	tig00001183_pilon	12206	176160768
646	tig00001188_pilon	5261	176422912
647	tig00001191_pilon	3950	176685056
648	tig00001192_pilon	12296	176947200
649	tig00001196_pilon	4133	177209344
650	tig00001199_pilon	10886	177471488
651	tig00001200_pilon	9565	177733632
652	tig00001203_pilon	12950	177995776
653	tig00001214_pilon	14943	178257920
654	tig00001215_pilon	1477	178520064
655	tig00001219_pilon	4087	178782208
656	tig00001221_pilon	1688	179044352
657	tig00001224_pilon	6817	179306496
658	tig00001230_pilon	9725	179568640
659	tig00001233_pilon	3074	179830784
660	tig00001234_pilon	11231	180092928
661	tig00001241_pilon	12554	180355072
662	tig00001242_pilon	11515	180617216
663	tig00002182_pilon	13634	180879360
664	tig00002183_pilon	21826	181141504
665	tig00002184_pilon	19583	181403648
666	tig00002185_pilon	15201	181665792
667	tig00002186_pilon	15491	181927936
668	tig00002187_pilon	26225	182190080
669	tig00002188_pilon	55962	182452224
670	tig00002189_pilon	10947	182714368
671	tig00002190_pilon	31855	182976512
672	tig00002191_pilon	16106	183238656
673	tig00002192_pilon	5934	183500800
674	tig00002193_pilon	18368	183762944
675	tig00002194_pilon	8983	184025088
676	tig00002195_pilon	6032	184287232
677	tig00002196_pilon	3677	184549376
678	tig00002197_pilon	11958	184811520
679	tig00002198_pilon	12573	185073664
680	tig00002199_pilon	12668	185335808
681	tig00002200_pilon	13623	185597952
682	tig00002201_pilon	14985	185860096
683	tig00002202_pilon	11898	186122240
684	tig00002203_pilon	11104	186384384
685	tig00002204_pilon	13357	186646528
686	tig00002205_pilon	20803	186908672
687	tig00002206_pilon	11321	187170816
688	tig00002207_pilon	12432	187432960
Started loading the genome: Tue Apr 25 15:12:30 2023

Genome: size given as a parameter = 187695104
SA: size given as a parameter = 208307949
SAindex: size given as a parameter = 1
Read from SAindex: pGe.gSAindexNbases=14  nSAi=357913940
nGenome=187695104;  nSAbyte=208307949
GstrandBit=32   SA number of indices=50498896
Shared memory is not used for genomes. Allocated a private copy of the genome.
Genome file size: 187695104 bytes; state: good=1 eof=0 fail=0 bad=0
Loading Genome ... done! state: good=1 eof=0 fail=0 bad=0; loaded 187695104 bytes
SA file size: 208307949 bytes; state: good=1 eof=0 fail=0 bad=0
Loading SA ... done! state: good=1 eof=0 fail=0 bad=0; loaded 208307949 bytes
Loading SAindex ... done: 1565873619 bytes
Finished loading the genome: Tue Apr 25 15:12:31 2023

alignIntronMax=alignMatesGapMax=0, the max intron size will be approximately determined by (2^winBinNbits)*winAnchorDistNbins=589824
Created thread # 1
Created thread # 2
Created thread # 3
Starting to map file # 0
mate 1:   /home/joed4996/Genome_analysis_local_rep/results/01_preprocessing/trimmomatic_star/illumina_cDNA_trimmed_1P.fq.gz
mate 2:   /home/joed4996/Genome_analysis_local_rep/results/01_preprocessing/trimmomatic_star/illumina_cDNA_trimmed_2P.fq.gz
Created thread # 4
Created thread # 5
Created thread # 6
Created thread # 7
BAM sorting: 208151 mapped reads
BAM sorting bins genomic start loci:
1	42	109003
2	62	173113
3	62	236261
4	62	236270
5	62	236432
6	62	236451
7	93	30216
8	124	55776
9	124	55923
10	124	55958
11	128	1842
12	128	1842
13	128	1842
14	128	1842
15	128	1842
16	128	1842
17	128	1842
18	128	1842
19	128	1844
20	128	1846
21	128	1847
22	128	1847
23	128	1847
24	128	1847
25	128	1847
26	128	1853
27	128	1887
28	128	1949
29	128	2007
30	128	2008
31	128	2013
32	128	2015
33	128	2015
34	128	2015
35	128	2016
36	128	2019
37	128	2019
38	128	2019
39	128	2020
40	128	2020
41	128	2021
42	128	2022
43	128	2023
44	128	2026
45	128	2038
46	231	10360
47	241	12609
48	242	6124
Thread #6 end of input stream, nextChar=-1
Completed: thread #2
Completed: thread #4
Completed: thread #5
Completed: thread #7
Completed: thread #3
Completed: thread #6
Completed: thread #0
Completed: thread #1
Joined thread # 1
Joined thread # 2
Joined thread # 3
Joined thread # 4
Joined thread # 5
Joined thread # 6
Joined thread # 7
Apr 25 15:16:05 ..... started sorting BAM
Max memory needed for sorting = 1087047966
ALL DONE!
