                                 Started job on |	May 02 11:09:25
                             Started mapping on |	May 02 11:09:26
                                    Finished on |	May 02 11:14:04
       Mapping speed, Million of reads per hour |	168.83

                          Number of input reads |	13037315
                      Average input read length |	199
                                    UNIQUE READS:
                   Uniquely mapped reads number |	12434289
                        Uniquely mapped reads % |	95.37%
                          Average mapped length |	199.75
                       Number of splices: Total |	250735
            Number of splices: Annotated (sjdb) |	0
                       Number of splices: GT/AG |	245458
                       Number of splices: GC/AG |	1747
                       Number of splices: AT/AC |	61
               Number of splices: Non-canonical |	3469
                      Mismatch rate per base, % |	0.15%
                         Deletion rate per base |	0.00%
                        Deletion average length |	1.69
                        Insertion rate per base |	0.01%
                       Insertion average length |	1.05
                             MULTI-MAPPING READS:
        Number of reads mapped to multiple loci |	486578
             % of reads mapped to multiple loci |	3.73%
        Number of reads mapped to too many loci |	6107
             % of reads mapped to too many loci |	0.05%
                                  UNMAPPED READS:
  Number of reads unmapped: too many mismatches |	0
       % of reads unmapped: too many mismatches |	0.00%
            Number of reads unmapped: too short |	110326
                 % of reads unmapped: too short |	0.85%
                Number of reads unmapped: other |	15
                     % of reads unmapped: other |	0.00%
                                  CHIMERIC READS:
                       Number of chimeric reads |	0
                            % of chimeric reads |	0.00%
