#!/bin/bash -l
#SBATCH -A uppmax2023-2-8 -M snowy # Specifying the project ID for Genome Analysis
#SBATCH -p core
#SBATCH -n 2
#SBATCH -t 02:00:00 # Should be about 1 hour job?
#SBATCH -J BWA_durian # Job_name
#SBATCH --mail-type=ALL
#SBATCH --mail-user jonathan.edwall.4996@student.uu.se

cat $0
echo USER = $USER
echo QOS = $SLURM_JOB_QOS

# Loading the modules
module load bioinfo-tools bwa
module load bioinfo-tools samtools


trimmed_short_reads_dir=$HOME/Genome_analysis_local_rep/results/01_preprocessing/trimmomatic/
# Assign the file path of the canu assembled genome to a variable
#assembly_contig="/domus/h1/joed4996/Genome_analysis_local_rep/results/02_genome_assembly/canu/canu_assembly.contigs.fasta"
assembly_contig_dir=/domus/h1/joed4996/Genome_analysis_local_rep/results/02_genome_assembly/canu/
#assembly_contig_dir= $HOME/Genome_analysis_local_rep/results/02_genome_assembly/canu/


cd /home/joed4996/Genome_analysis_local_rep/results/02_genome_assembly/bwa # Results will be in this directory
# "-a is" is added to deal with a short genome (25kb chromsome), which is smaller than 2gb

#cp /home/joed4996/Big_Data_in_Life_Sciences/lab_1/uppmax/test2/* $SNIC_TMP/  # Copying the files to node-local storage


#gunzip ref.fa.gz
# Changing directory to node-local storage, suitable for temporary files that can be deleted when the job finishes
#cd $TMPDIR



# 1: Using find to find files matching the wildcard pattern 2: Gunzipping the illumina reads
# "-type l" means that "the files are symbolic link"
#find . -name "/home/joed4996/Genome_analysis_local_rep/results/01_preprocessing/trimmomatic/illumina_trimmed*P.fq.gz" -type f -exec gunzip {} +
#find . -name "/domus/h1/joed4996/Genome_analysis_local_rep/results/01_preprocessing/trimmomatic/illumina_trimmed*P.fq.gz" -type f -exec gunzip {} +


#ls -l # Checking if outputs was generated

#gunzip illumina_trimmed*P.fq.gz




# Use the variable in subsequent commands
echo "The assembly contig file is: $assembly_contig"
# Assigning index to the assembly contig
# "-a is" is added to deal with a short genome (25kb chromsome), which is smaller than 2gb
#bwa index $assembly_contig 
bwa index $assembly_contig_dir/canu_assembly.contigs.fasta

# Aligning the files matched with the wildcard illumina_trimmed*P.fq.gz
bwa mem $assembly_contig_dir/canu_assembly.contigs.fasta $trimmed_short_reads_dir/illumina_trimmed*P.fq.gz \
-t 2 \
| samtools sort -O bam -> assembly_hybrid.bam
# -t = 2 threads used
# Samtools sort -@ 2 => sorting and compression threads
# Samtools sort -O bam => outputformat is BAM

#-- output /home/joed4996/Genome_analysis_local_rep/results/02_genome_assembly/bwa


#$SNIC_TMP/sample.bam

ls -l # Checking if outputs was generated

module list # Useful for keeping track of the versions used
echo JOB = $SLURM_JOBID # makes the individual runs easier to identify
USER = joed4996
QOS = normal
The assembly contig file is: 
[bwa_index] Pack FASTA... 0.21 sec
[bwa_index] Construct BWT for the packed sequence...
[BWTIncCreate] textLength=52581300, availableWord=15699692
[BWTIncConstructFromPacked] 10 iterations done. 25896564 characters processed.
[BWTIncConstructFromPacked] 20 iterations done. 47839892 characters processed.
[bwt_gen] Finished constructing BWT in 23 iterations.
[bwa_index] 13.82 seconds elapse.
[bwa_index] Update BWT... 0.17 sec
[bwa_index] Pack forward-only FASTA... 0.13 sec
[bwa_index] Construct SA from BWT and Occ... 4.59 sec
[main] Version: 0.7.17-r1188
[main] CMD: bwa index /domus/h1/joed4996/Genome_analysis_local_rep/results/02_genome_assembly/canu//canu_assembly.contigs.fasta
[main] Real time: 19.557 sec; CPU: 18.935 sec
[M::bwa_idx_load_from_disk] read 0 ALT contigs
[M::process] read 135068 sequences (20000063 bp)...
[M::process] read 135112 sequences (20000147 bp)...
[M::mem_pestat] # candidate unique pairs for (FF, FR, RF, RR): (3, 32738, 13, 2)
[M::mem_pestat] skip orientation FF as there are not enough pairs
[M::mem_pestat] analyzing insert size distribution for orientation FR...
[M::mem_pestat] (25, 50, 75) percentile: (221, 270, 323)
[M::mem_pestat] low and high boundaries for computing mean and std.dev: (17, 527)
[M::mem_pestat] mean and std.dev: (273.42, 77.39)
[M::mem_pestat] low and high boundaries for proper pairs: (1, 629)
[M::mem_pestat] analyzing insert size distribution for orientation RF...
[M::mem_pestat] (25, 50, 75) percentile: (2955, 5812, 7422)
[M::mem_pestat] low and high boundaries for computing mean and std.dev: (1, 16356)
[M::mem_pestat] mean and std.dev: (4897.23, 2570.74)
[M::mem_pestat] low and high boundaries for proper pairs: (1, 20823)
[M::mem_pestat] skip orientation RR as there are not enough pairs
[M::mem_pestat] skip orientation RF
[M::mem_process_seqs] Processed 135068 reads in 96.375 CPU sec, 48.289 real sec
[M::process] read 135032 sequences (20000148 bp)...
[M::mem_pestat] # candidate unique pairs for (FF, FR, RF, RR): (1, 32818, 13, 5)
[M::mem_pestat] skip orientation FF as there are not enough pairs
[M::mem_pestat] analyzing insert size distribution for orientation FR...
[M::mem_pestat] (25, 50, 75) percentile: (221, 271, 325)
[M::mem_pestat] low and high boundaries for computing mean and std.dev: (13, 533)
[M::mem_pestat] mean and std.dev: (274.42, 77.87)
[M::mem_pestat] low and high boundaries for proper pairs: (1, 637)
[M::mem_pestat] analyzing insert size distribution for orientation RF...
[M::mem_pestat] (25, 50, 75) percentile: (654, 5118, 7170)
[M::mem_pestat] low and high boundaries for computing mean and std.dev: (1, 20202)
[M::mem_pestat] mean and std.dev: (4124.85, 2814.11)
[M::mem_pestat] low and high boundaries for proper pairs: (1, 26718)
[M::mem_pestat] skip orientation RR as there are not enough pairs
[M::mem_pestat] skip orientation RF
[M::mem_process_seqs] Processed 135112 reads in 96.200 CPU sec, 48.252 real sec
[M::process] read 134974 sequences (20000206 bp)...
[M::mem_pestat] # candidate unique pairs for (FF, FR, RF, RR): (4, 32975, 9, 2)
[M::mem_pestat] skip orientation FF as there are not enough pairs
[M::mem_pestat] analyzing insert size distribution for orientation FR...
[M::mem_pestat] (25, 50, 75) percentile: (221, 270, 325)
[M::mem_pestat] low and high boundaries for computing mean and std.dev: (13, 533)
[M::mem_pestat] mean and std.dev: (274.48, 77.61)
[M::mem_pestat] low and high boundaries for proper pairs: (1, 637)
[M::mem_pestat] skip orientation RF as there are not enough pairs
[M::mem_pestat] skip orientation RR as there are not enough pairs
[M::mem_process_seqs] Processed 135032 reads in 97.846 CPU sec, 53.410 real sec
[M::process] read 135022 sequences (20000095 bp)...
[M::mem_pestat] # candidate unique pairs for (FF, FR, RF, RR): (0, 32745, 13, 3)
[M::mem_pestat] skip orientation FF as there are not enough pairs
[M::mem_pestat] analyzing insert size distribution for orientation FR...
[M::mem_pestat] (25, 50, 75) percentile: (221, 270, 323)
[M::mem_pestat] low and high boundaries for computing mean and std.dev: (17, 527)
[M::mem_pestat] mean and std.dev: (273.82, 77.58)
[M::mem_pestat] low and high boundaries for proper pairs: (1, 629)
[M::mem_pestat] analyzing insert size distribution for orientation RF...
[M::mem_pestat] (25, 50, 75) percentile: (227, 4914, 7431)
[M::mem_pestat] low and high boundaries for computing mean and std.dev: (1, 21839)
[M::mem_pestat] mean and std.dev: (4158.15, 3287.32)
[M::mem_pestat] low and high boundaries for proper pairs: (1, 29043)
[M::mem_pestat] skip orientation RR as there are not enough pairs
[M::mem_pestat] skip orientation RF
[M::mem_process_seqs] Processed 134974 reads in 101.240 CPU sec, 51.284 real sec
[M::process] read 135026 sequences (20000001 bp)...
[M::mem_pestat] # candidate unique pairs for (FF, FR, RF, RR): (4, 32756, 12, 1)
[M::mem_pestat] skip orientation FF as there are not enough pairs
[M::mem_pestat] analyzing insert size distribution for orientation FR...
[M::mem_pestat] (25, 50, 75) percentile: (221, 270, 323)
[M::mem_pestat] low and high boundaries for computing mean and std.dev: (17, 527)
[M::mem_pestat] mean and std.dev: (273.89, 77.28)
[M::mem_pestat] low and high boundaries for proper pairs: (1, 629)
[M::mem_pestat] analyzing insert size distribution for orientation RF...
[M::mem_pestat] (25, 50, 75) percentile: (263, 3022, 7125)
[M::mem_pestat] low and high boundaries for computing mean and std.dev: (1, 20849)
[M::mem_pestat] mean and std.dev: (3478.08, 3246.96)
[M::mem_pestat] low and high boundaries for proper pairs: (1, 27711)
[M::mem_pestat] skip orientation RR as there are not enough pairs
[M::mem_pestat] skip orientation RF
[M::mem_process_seqs] Processed 135022 reads in 101.051 CPU sec, 50.986 real sec
[M::process] read 134986 sequences (20000128 bp)...
[M::mem_pestat] # candidate unique pairs for (FF, FR, RF, RR): (3, 32903, 11, 1)
[M::mem_pestat] skip orientation FF as there are not enough pairs
[M::mem_pestat] analyzing insert size distribution for orientation FR...
[M::mem_pestat] (25, 50, 75) percentile: (221, 270, 323)
[M::mem_pestat] low and high boundaries for computing mean and std.dev: (17, 527)
[M::mem_pestat] mean and std.dev: (273.72, 77.74)
[M::mem_pestat] low and high boundaries for proper pairs: (1, 629)
[M::mem_pestat] analyzing insert size distribution for orientation RF...
[M::mem_pestat] (25, 50, 75) percentile: (1970, 6153, 7445)
[M::mem_pestat] low and high boundaries for computing mean and std.dev: (1, 18395)
[M::mem_pestat] mean and std.dev: (4578.64, 3128.97)
[M::mem_pestat] low and high boundaries for proper pairs: (1, 23870)
[M::mem_pestat] skip orientation RR as there are not enough pairs
[M::mem_pestat] skip orientation RF
[M::mem_process_seqs] Processed 135026 reads in 99.723 CPU sec, 55.200 real sec
[M::process] read 135028 sequences (20000222 bp)...
[M::mem_pestat] # candidate unique pairs for (FF, FR, RF, RR): (3, 33003, 16, 5)
[M::mem_pestat] skip orientation FF as there are not enough pairs
[M::mem_pestat] analyzing insert size distribution for orientation FR...
[M::mem_pestat] (25, 50, 75) percentile: (221, 270, 323)
[M::mem_pestat] low and high boundaries for computing mean and std.dev: (17, 527)
[M::mem_pestat] mean and std.dev: (273.66, 76.95)
[M::mem_pestat] low and high boundaries for proper pairs: (1, 629)
[M::mem_pestat] analyzing insert size distribution for orientation RF...
[M::mem_pestat] (25, 50, 75) percentile: (2195, 3422, 7299)
[M::mem_pestat] low and high boundaries for computing mean and std.dev: (1, 17507)
[M::mem_pestat] mean and std.dev: (4275.50, 2903.30)
[M::mem_pestat] low and high boundaries for proper pairs: (1, 22611)
[M::mem_pestat] skip orientation RR as there are not enough pairs
[M::mem_pestat] skip orientation RF
[M::mem_process_seqs] Processed 134986 reads in 105.665 CPU sec, 61.713 real sec
[M::process] read 135048 sequences (20000129 bp)...
[M::mem_pestat] # candidate unique pairs for (FF, FR, RF, RR): (4, 32938, 10, 1)
[M::mem_pestat] skip orientation FF as there are not enough pairs
[M::mem_pestat] analyzing insert size distribution for orientation FR...
[M::mem_pestat] (25, 50, 75) percentile: (221, 271, 323)
[M::mem_pestat] low and high boundaries for computing mean and std.dev: (17, 527)
[M::mem_pestat] mean and std.dev: (273.90, 77.87)
[M::mem_pestat] low and high boundaries for proper pairs: (1, 629)
[M::mem_pestat] analyzing insert size distribution for orientation RF...
[M::mem_pestat] (25, 50, 75) percentile: (2384, 2694, 4882)
[M::mem_pestat] low and high boundaries for computing mean and std.dev: (1, 9878)
[M::mem_pestat] mean and std.dev: (3592.10, 2137.80)
[M::mem_pestat] low and high boundaries for proper pairs: (1, 12376)
[M::mem_pestat] skip orientation RR as there are not enough pairs
[M::mem_pestat] skip orientation RF
[M::mem_process_seqs] Processed 135028 reads in 103.032 CPU sec, 64.223 real sec
[M::process] read 135014 sequences (20000150 bp)...
[M::mem_pestat] # candidate unique pairs for (FF, FR, RF, RR): (2, 32971, 15, 2)
[M::mem_pestat] skip orientation FF as there are not enough pairs
[M::mem_pestat] analyzing insert size distribution for orientation FR...
[M::mem_pestat] (25, 50, 75) percentile: (221, 270, 323)
[M::mem_pestat] low and high boundaries for computing mean and std.dev: (17, 527)
[M::mem_pestat] mean and std.dev: (274.19, 77.09)
[M::mem_pestat] low and high boundaries for proper pairs: (1, 629)
[M::mem_pestat] analyzing insert size distribution for orientation RF...
[M::mem_pestat] (25, 50, 75) percentile: (4360, 5831, 6714)
[M::mem_pestat] low and high boundaries for computing mean and std.dev: (1, 11422)
[M::mem_pestat] mean and std.dev: (5313.67, 2668.04)
[M::mem_pestat] low and high boundaries for proper pairs: (1, 15986)
[M::mem_pestat] skip orientation RR as there are not enough pairs
[M::mem_pestat] skip orientation RF
[M::mem_process_seqs] Processed 135048 reads in 103.745 CPU sec, 55.804 real sec
[M::process] read 135058 sequences (20000008 bp)...
[M::mem_pestat] # candidate unique pairs for (FF, FR, RF, RR): (3, 32765, 9, 1)
[M::mem_pestat] skip orientation FF as there are not enough pairs
[M::mem_pestat] analyzing insert size distribution for orientation FR...
[M::mem_pestat] (25, 50, 75) percentile: (221, 270, 324)
[M::mem_pestat] low and high boundaries for computing mean and std.dev: (15, 530)
[M::mem_pestat] mean and std.dev: (273.89, 77.86)
[M::mem_pestat] low and high boundaries for proper pairs: (1, 633)
[M::mem_pestat] skip orientation RF as there are not enough pairs
[M::mem_pestat] skip orientation RR as there are not enough pairs
[M::mem_process_seqs] Processed 135014 reads in 102.961 CPU sec, 72.585 real sec
[M::process] read 135138 sequences (20000106 bp)...
[M::mem_pestat] # candidate unique pairs for (FF, FR, RF, RR): (5, 32962, 13, 4)
[M::mem_pestat] skip orientation FF as there are not enough pairs
[M::mem_pestat] analyzing insert size distribution for orientation FR...
[M::mem_pestat] (25, 50, 75) percentile: (222, 270, 322)
[M::mem_pestat] low and high boundaries for computing mean and std.dev: (22, 522)
[M::mem_pestat] mean and std.dev: (273.31, 76.86)
[M::mem_pestat] low and high boundaries for proper pairs: (1, 622)
[M::mem_pestat] analyzing insert size distribution for orientation RF...
[M::mem_pestat] (25, 50, 75) percentile: (556, 4383, 7200)
[M::mem_pestat] low and high boundaries for computing mean and std.dev: (1, 20488)
[M::mem_pestat] mean and std.dev: (3610.23, 3099.23)
[M::mem_pestat] low and high boundaries for proper pairs: (1, 27132)
[M::mem_pestat] skip orientation RR as there are not enough pairs
[M::mem_pestat] skip orientation RF
[M::mem_process_seqs] Processed 135058 reads in 104.090 CPU sec, 56.263 real sec
[M::process] read 135056 sequences (20000106 bp)...
[M::mem_pestat] # candidate unique pairs for (FF, FR, RF, RR): (2, 32836, 15, 0)
[M::mem_pestat] skip orientation FF as there are not enough pairs
[M::mem_pestat] analyzing insert size distribution for orientation FR...
[M::mem_pestat] (25, 50, 75) percentile: (220, 270, 323)
[M::mem_pestat] low and high boundaries for computing mean and std.dev: (14, 529)
[M::mem_pestat] mean and std.dev: (273.81, 77.78)
[M::mem_pestat] low and high boundaries for proper pairs: (1, 632)
[M::mem_pestat] analyzing insert size distribution for orientation RF...
[M::mem_pestat] (25, 50, 75) percentile: (344, 1504, 6463)
[M::mem_pestat] low and high boundaries for computing mean and std.dev: (1, 18701)
[M::mem_pestat] mean and std.dev: (2678.60, 2934.13)
[M::mem_pestat] low and high boundaries for proper pairs: (1, 24820)
[M::mem_pestat] skip orientation RR as there are not enough pairs
[M::mem_pestat] skip orientation RF
[M::mem_process_seqs] Processed 135138 reads in 102.560 CPU sec, 75.090 real sec
[M::process] read 135122 sequences (20000292 bp)...
[M::mem_pestat] # candidate unique pairs for (FF, FR, RF, RR): (1, 32804, 5, 2)
[M::mem_pestat] skip orientation FF as there are not enough pairs
[M::mem_pestat] analyzing insert size distribution for orientation FR...
[M::mem_pestat] (25, 50, 75) percentile: (222, 271, 324)
[M::mem_pestat] low and high boundaries for computing mean and std.dev: (18, 528)
[M::mem_pestat] mean and std.dev: (274.26, 77.05)
[M::mem_pestat] low and high boundaries for proper pairs: (1, 630)
[M::mem_pestat] skip orientation RF as there are not enough pairs
[M::mem_pestat] skip orientation RR as there are not enough pairs
[M::mem_process_seqs] Processed 135056 reads in 106.774 CPU sec, 63.130 real sec
[M::process] read 135110 sequences (20000123 bp)...
[M::mem_pestat] # candidate unique pairs for (FF, FR, RF, RR): (1, 32967, 13, 5)
[M::mem_pestat] skip orientation FF as there are not enough pairs
[M::mem_pestat] analyzing insert size distribution for orientation FR...
[M::mem_pestat] (25, 50, 75) percentile: (222, 270, 323)
[M::mem_pestat] low and high boundaries for computing mean and std.dev: (20, 525)
[M::mem_pestat] mean and std.dev: (273.80, 76.95)
[M::mem_pestat] low and high boundaries for proper pairs: (1, 626)
[M::mem_pestat] analyzing insert size distribution for orientation RF...
[M::mem_pestat] (25, 50, 75) percentile: (35, 4125, 6775)
[M::mem_pestat] low and high boundaries for computing mean and std.dev: (1, 20255)
[M::mem_pestat] mean and std.dev: (3514.62, 3245.57)
[M::mem_pestat] low and high boundaries for proper pairs: (1, 26995)
[M::mem_pestat] skip orientation RR as there are not enough pairs
[M::mem_pestat] skip orientation RF
[M::mem_process_seqs] Processed 135122 reads in 98.640 CPU sec, 69.468 real sec
[M::process] read 135194 sequences (20000129 bp)...
[M::mem_pestat] # candidate unique pairs for (FF, FR, RF, RR): (4, 33033, 10, 1)
[M::mem_pestat] skip orientation FF as there are not enough pairs
[M::mem_pestat] analyzing insert size distribution for orientation FR...
[M::mem_pestat] (25, 50, 75) percentile: (221, 271, 323)
[M::mem_pestat] low and high boundaries for computing mean and std.dev: (17, 527)
[M::mem_pestat] mean and std.dev: (273.96, 77.62)
[M::mem_pestat] low and high boundaries for proper pairs: (1, 629)
[M::mem_pestat] analyzing insert size distribution for orientation RF...
[M::mem_pestat] (25, 50, 75) percentile: (4811, 7094, 7408)
[M::mem_pestat] low and high boundaries for computing mean and std.dev: (1, 12602)
[M::mem_pestat] mean and std.dev: (5905.20, 2349.66)
[M::mem_pestat] low and high boundaries for proper pairs: (1, 15304)
[M::mem_pestat] skip orientation RR as there are not enough pairs
[M::mem_pestat] skip orientation RF
[M::mem_process_seqs] Processed 135110 reads in 96.795 CPU sec, 54.687 real sec
[M::process] read 135096 sequences (20000047 bp)...
[M::mem_pestat] # candidate unique pairs for (FF, FR, RF, RR): (1, 32585, 15, 5)
[M::mem_pestat] skip orientation FF as there are not enough pairs
[M::mem_pestat] analyzing insert size distribution for orientation FR...
[M::mem_pestat] (25, 50, 75) percentile: (221, 270, 323)
[M::mem_pestat] low and high boundaries for computing mean and std.dev: (17, 527)
[M::mem_pestat] mean and std.dev: (273.36, 76.97)
[M::mem_pestat] low and high boundaries for proper pairs: (1, 629)
[M::mem_pestat] analyzing insert size distribution for orientation RF...
[M::mem_pestat] (25, 50, 75) percentile: (2390, 3366, 7198)
[M::mem_pestat] low and high boundaries for computing mean and std.dev: (1, 16814)
[M::mem_pestat] mean and std.dev: (4375.67, 2693.03)
[M::mem_pestat] low and high boundaries for proper pairs: (1, 21622)
[M::mem_pestat] skip orientation RR as there are not enough pairs
[M::mem_pestat] skip orientation RF
[M::mem_process_seqs] Processed 135194 reads in 101.832 CPU sec, 64.391 real sec
[M::process] read 135014 sequences (20000028 bp)...
[M::mem_pestat] # candidate unique pairs for (FF, FR, RF, RR): (3, 32789, 14, 3)
[M::mem_pestat] skip orientation FF as there are not enough pairs
[M::mem_pestat] analyzing insert size distribution for orientation FR...
[M::mem_pestat] (25, 50, 75) percentile: (221, 270, 323)
[M::mem_pestat] low and high boundaries for computing mean and std.dev: (17, 527)
[M::mem_pestat] mean and std.dev: (273.45, 77.20)
[M::mem_pestat] low and high boundaries for proper pairs: (1, 629)
[M::mem_pestat] analyzing insert size distribution for orientation RF...
[M::mem_pestat] (25, 50, 75) percentile: (223, 3190, 5797)
[M::mem_pestat] low and high boundaries for computing mean and std.dev: (1, 16945)
[M::mem_pestat] mean and std.dev: (3092.86, 2825.44)
[M::mem_pestat] low and high boundaries for proper pairs: (1, 22519)
[M::mem_pestat] skip orientation RR as there are not enough pairs
[M::mem_pestat] skip orientation RF
[M::mem_process_seqs] Processed 135096 reads in 99.496 CPU sec, 87.410 real sec
[M::process] read 135136 sequences (20000171 bp)...
[M::mem_pestat] # candidate unique pairs for (FF, FR, RF, RR): (2, 32667, 14, 2)
[M::mem_pestat] skip orientation FF as there are not enough pairs
[M::mem_pestat] analyzing insert size distribution for orientation FR...
[M::mem_pestat] (25, 50, 75) percentile: (222, 271, 324)
[M::mem_pestat] low and high boundaries for computing mean and std.dev: (18, 528)
[M::mem_pestat] mean and std.dev: (274.77, 77.87)
[M::mem_pestat] low and high boundaries for proper pairs: (1, 630)
[M::mem_pestat] analyzing insert size distribution for orientation RF...
[M::mem_pestat] (25, 50, 75) percentile: (276, 4530, 7871)
[M::mem_pestat] low and high boundaries for computing mean and std.dev: (1, 23061)
[M::mem_pestat] mean and std.dev: (4019.07, 3403.90)
[M::mem_pestat] low and high boundaries for proper pairs: (1, 30656)
[M::mem_pestat] skip orientation RR as there are not enough pairs
[M::mem_pestat] skip orientation RF
[M::mem_process_seqs] Processed 135014 reads in 97.109 CPU sec, 74.569 real sec
[M::process] read 135012 sequences (20000047 bp)...
[M::mem_pestat] # candidate unique pairs for (FF, FR, RF, RR): (2, 32675, 13, 3)
[M::mem_pestat] skip orientation FF as there are not enough pairs
[M::mem_pestat] analyzing insert size distribution for orientation FR...
[M::mem_pestat] (25, 50, 75) percentile: (222, 271, 323)
[M::mem_pestat] low and high boundaries for computing mean and std.dev: (20, 525)
[M::mem_pestat] mean and std.dev: (274.33, 77.01)
[M::mem_pestat] low and high boundaries for proper pairs: (1, 626)
[M::mem_pestat] analyzing insert size distribution for orientation RF...
[M::mem_pestat] (25, 50, 75) percentile: (471, 3206, 5205)
[M::mem_pestat] low and high boundaries for computing mean and std.dev: (1, 14673)
[M::mem_pestat] mean and std.dev: (3046.31, 2236.62)
[M::mem_pestat] low and high boundaries for proper pairs: (1, 19407)
[M::mem_pestat] skip orientation RR as there are not enough pairs
[M::mem_pestat] skip orientation RF
[M::mem_process_seqs] Processed 135136 reads in 98.124 CPU sec, 68.232 real sec
[M::process] read 135144 sequences (20000239 bp)...
[M::mem_pestat] # candidate unique pairs for (FF, FR, RF, RR): (5, 32502, 7, 3)
[M::mem_pestat] skip orientation FF as there are not enough pairs
[M::mem_pestat] analyzing insert size distribution for orientation FR...
[M::mem_pestat] (25, 50, 75) percentile: (222, 272, 323)
[M::mem_pestat] low and high boundaries for computing mean and std.dev: (20, 525)
[M::mem_pestat] mean and std.dev: (274.01, 76.89)
[M::mem_pestat] low and high boundaries for proper pairs: (1, 626)
[M::mem_pestat] skip orientation RF as there are not enough pairs
[M::mem_pestat] skip orientation RR as there are not enough pairs
[M::mem_process_seqs] Processed 135012 reads in 103.870 CPU sec, 52.111 real sec
[M::process] read 135022 sequences (20000029 bp)...
[M::mem_pestat] # candidate unique pairs for (FF, FR, RF, RR): (8, 32764, 12, 2)
[M::mem_pestat] skip orientation FF as there are not enough pairs
[M::mem_pestat] analyzing insert size distribution for orientation FR...
[M::mem_pestat] (25, 50, 75) percentile: (222, 270, 323)
[M::mem_pestat] low and high boundaries for computing mean and std.dev: (20, 525)
[M::mem_pestat] mean and std.dev: (274.10, 76.84)
[M::mem_pestat] low and high boundaries for proper pairs: (1, 626)
[M::mem_pestat] analyzing insert size distribution for orientation RF...
[M::mem_pestat] (25, 50, 75) percentile: (336, 426, 7154)
[M::mem_pestat] low and high boundaries for computing mean and std.dev: (1, 20790)
[M::mem_pestat] mean and std.dev: (2299.50, 3173.75)
[M::mem_pestat] low and high boundaries for proper pairs: (1, 27608)
[M::mem_pestat] skip orientation RR as there are not enough pairs
[M::mem_pestat] skip orientation RF
[M::mem_process_seqs] Processed 135144 reads in 99.789 CPU sec, 57.555 real sec
[M::process] read 135044 sequences (20000162 bp)...
[M::mem_pestat] # candidate unique pairs for (FF, FR, RF, RR): (0, 32875, 14, 4)
[M::mem_pestat] skip orientation FF as there are not enough pairs
[M::mem_pestat] analyzing insert size distribution for orientation FR...
[M::mem_pestat] (25, 50, 75) percentile: (221, 270, 323)
[M::mem_pestat] low and high boundaries for computing mean and std.dev: (17, 527)
[M::mem_pestat] mean and std.dev: (273.93, 77.26)
[M::mem_pestat] low and high boundaries for proper pairs: (1, 629)
[M::mem_pestat] analyzing insert size distribution for orientation RF...
[M::mem_pestat] (25, 50, 75) percentile: (838, 7231, 7488)
[M::mem_pestat] low and high boundaries for computing mean and std.dev: (1, 20788)
[M::mem_pestat] mean and std.dev: (4762.50, 3352.26)
[M::mem_pestat] low and high boundaries for proper pairs: (1, 27438)
[M::mem_pestat] skip orientation RR as there are not enough pairs
[M::mem_pestat] skip orientation RF
[M::mem_process_seqs] Processed 135022 reads in 105.915 CPU sec, 53.368 real sec
[M::process] read 134978 sequences (20000285 bp)...
[M::mem_pestat] # candidate unique pairs for (FF, FR, RF, RR): (2, 33058, 11, 1)
[M::mem_pestat] skip orientation FF as there are not enough pairs
[M::mem_pestat] analyzing insert size distribution for orientation FR...
[M::mem_pestat] (25, 50, 75) percentile: (222, 270, 323)
[M::mem_pestat] low and high boundaries for computing mean and std.dev: (20, 525)
[M::mem_pestat] mean and std.dev: (273.84, 77.73)
[M::mem_pestat] low and high boundaries for proper pairs: (1, 626)
[M::mem_pestat] analyzing insert size distribution for orientation RF...
[M::mem_pestat] (25, 50, 75) percentile: (291, 4888, 7298)
[M::mem_pestat] low and high boundaries for computing mean and std.dev: (1, 21312)
[M::mem_pestat] mean and std.dev: (3843.36, 3399.81)
[M::mem_pestat] low and high boundaries for proper pairs: (1, 28319)
[M::mem_pestat] skip orientation RR as there are not enough pairs
[M::mem_pestat] skip orientation RF
[M::mem_process_seqs] Processed 135044 reads in 103.589 CPU sec, 55.350 real sec
[M::process] read 135088 sequences (20000007 bp)...
[M::mem_pestat] # candidate unique pairs for (FF, FR, RF, RR): (2, 32823, 20, 5)
[M::mem_pestat] skip orientation FF as there are not enough pairs
[M::mem_pestat] analyzing insert size distribution for orientation FR...
[M::mem_pestat] (25, 50, 75) percentile: (221, 270, 323)
[M::mem_pestat] low and high boundaries for computing mean and std.dev: (17, 527)
[M::mem_pestat] mean and std.dev: (274.14, 77.33)
[M::mem_pestat] low and high boundaries for proper pairs: (1, 629)
[M::mem_pestat] analyzing insert size distribution for orientation RF...
[M::mem_pestat] (25, 50, 75) percentile: (2356, 6375, 8164)
[M::mem_pestat] low and high boundaries for computing mean and std.dev: (1, 19780)
[M::mem_pestat] mean and std.dev: (5095.35, 3002.16)
[M::mem_pestat] low and high boundaries for proper pairs: (1, 25588)
[M::mem_pestat] skip orientation RR as there are not enough pairs
[M::mem_pestat] skip orientation RF
[M::mem_process_seqs] Processed 134978 reads in 103.625 CPU sec, 66.018 real sec
[M::process] read 135018 sequences (20000219 bp)...
[M::mem_pestat] # candidate unique pairs for (FF, FR, RF, RR): (2, 32787, 8, 5)
[M::mem_pestat] skip orientation FF as there are not enough pairs
[M::mem_pestat] analyzing insert size distribution for orientation FR...
[M::mem_pestat] (25, 50, 75) percentile: (223, 271, 324)
[M::mem_pestat] low and high boundaries for computing mean and std.dev: (21, 526)
[M::mem_pestat] mean and std.dev: (274.53, 77.29)
[M::mem_pestat] low and high boundaries for proper pairs: (1, 627)
[M::mem_pestat] skip orientation RF as there are not enough pairs
[M::mem_pestat] skip orientation RR as there are not enough pairs
[M::mem_process_seqs] Processed 135088 reads in 103.365 CPU sec, 91.124 real sec
[M::process] read 135032 sequences (20000190 bp)...
[M::mem_pestat] # candidate unique pairs for (FF, FR, RF, RR): (1, 32814, 9, 3)
[M::mem_pestat] skip orientation FF as there are not enough pairs
[M::mem_pestat] analyzing insert size distribution for orientation FR...
[M::mem_pestat] (25, 50, 75) percentile: (223, 272, 324)
[M::mem_pestat] low and high boundaries for computing mean and std.dev: (21, 526)
[M::mem_pestat] mean and std.dev: (275.12, 77.58)
[M::mem_pestat] low and high boundaries for proper pairs: (1, 627)
[M::mem_pestat] skip orientation RF as there are not enough pairs
[M::mem_pestat] skip orientation RR as there are not enough pairs
[M::mem_process_seqs] Processed 135018 reads in 103.283 CPU sec, 53.165 real sec
[M::process] read 135014 sequences (20000133 bp)...
[M::mem_pestat] # candidate unique pairs for (FF, FR, RF, RR): (2, 32704, 11, 1)
[M::mem_pestat] skip orientation FF as there are not enough pairs
[M::mem_pestat] analyzing insert size distribution for orientation FR...
[M::mem_pestat] (25, 50, 75) percentile: (222, 271, 323)
[M::mem_pestat] low and high boundaries for computing mean and std.dev: (20, 525)
[M::mem_pestat] mean and std.dev: (274.72, 76.80)
[M::mem_pestat] low and high boundaries for proper pairs: (1, 626)
[M::mem_pestat] analyzing insert size distribution for orientation RF...
[M::mem_pestat] (25, 50, 75) percentile: (538, 2229, 7083)
[M::mem_pestat] low and high boundaries for computing mean and std.dev: (1, 20173)
[M::mem_pestat] mean and std.dev: (3678.91, 3382.80)
[M::mem_pestat] low and high boundaries for proper pairs: (1, 26718)
[M::mem_pestat] skip orientation RR as there are not enough pairs
[M::mem_pestat] skip orientation RF
[M::mem_process_seqs] Processed 135032 reads in 104.079 CPU sec, 53.468 real sec
[M::process] read 134944 sequences (20000120 bp)...
[M::mem_pestat] # candidate unique pairs for (FF, FR, RF, RR): (2, 32683, 9, 2)
[M::mem_pestat] skip orientation FF as there are not enough pairs
[M::mem_pestat] analyzing insert size distribution for orientation FR...
[M::mem_pestat] (25, 50, 75) percentile: (222, 271, 323)
[M::mem_pestat] low and high boundaries for computing mean and std.dev: (20, 525)
[M::mem_pestat] mean and std.dev: (274.18, 77.53)
[M::mem_pestat] low and high boundaries for proper pairs: (1, 626)
[M::mem_pestat] skip orientation RF as there are not enough pairs
[M::mem_pestat] skip orientation RR as there are not enough pairs
[M::mem_process_seqs] Processed 135014 reads in 96.493 CPU sec, 56.183 real sec
[M::process] read 134912 sequences (20000023 bp)...
[M::mem_pestat] # candidate unique pairs for (FF, FR, RF, RR): (3, 32777, 15, 1)
[M::mem_pestat] skip orientation FF as there are not enough pairs
[M::mem_pestat] analyzing insert size distribution for orientation FR...
[M::mem_pestat] (25, 50, 75) percentile: (221, 270, 324)
[M::mem_pestat] low and high boundaries for computing mean and std.dev: (15, 530)
[M::mem_pestat] mean and std.dev: (274.07, 78.38)
[M::mem_pestat] low and high boundaries for proper pairs: (1, 633)
[M::mem_pestat] analyzing insert size distribution for orientation RF...
[M::mem_pestat] (25, 50, 75) percentile: (2291, 4817, 7906)
[M::mem_pestat] low and high boundaries for computing mean and std.dev: (1, 19136)
[M::mem_pestat] mean and std.dev: (4593.27, 3264.75)
[M::mem_pestat] low and high boundaries for proper pairs: (1, 24751)
[M::mem_pestat] skip orientation RR as there are not enough pairs
[M::mem_pestat] skip orientation RF
[M::mem_process_seqs] Processed 134944 reads in 93.549 CPU sec, 46.921 real sec
[M::process] read 134880 sequences (20000174 bp)...
[M::mem_pestat] # candidate unique pairs for (FF, FR, RF, RR): (2, 32761, 14, 3)
[M::mem_pestat] skip orientation FF as there are not enough pairs
[M::mem_pestat] analyzing insert size distribution for orientation FR...
[M::mem_pestat] (25, 50, 75) percentile: (222, 271, 324)
[M::mem_pestat] low and high boundaries for computing mean and std.dev: (18, 528)
[M::mem_pestat] mean and std.dev: (274.61, 77.81)
[M::mem_pestat] low and high boundaries for proper pairs: (1, 630)
[M::mem_pestat] analyzing insert size distribution for orientation RF...
[M::mem_pestat] (25, 50, 75) percentile: (1602, 3297, 6375)
[M::mem_pestat] low and high boundaries for computing mean and std.dev: (1, 15921)
[M::mem_pestat] mean and std.dev: (3820.07, 2889.30)
[M::mem_pestat] low and high boundaries for proper pairs: (1, 20694)
[M::mem_pestat] skip orientation RR as there are not enough pairs
[M::mem_pestat] skip orientation RF
[M::mem_process_seqs] Processed 134912 reads in 92.304 CPU sec, 46.398 real sec
[M::process] read 135118 sequences (20000117 bp)...
[M::mem_pestat] # candidate unique pairs for (FF, FR, RF, RR): (3, 32940, 11, 3)
[M::mem_pestat] skip orientation FF as there are not enough pairs
[M::mem_pestat] analyzing insert size distribution for orientation FR...
[M::mem_pestat] (25, 50, 75) percentile: (224, 273, 325)
[M::mem_pestat] low and high boundaries for computing mean and std.dev: (22, 527)
[M::mem_pestat] mean and std.dev: (275.27, 77.14)
[M::mem_pestat] low and high boundaries for proper pairs: (1, 628)
[M::mem_pestat] analyzing insert size distribution for orientation RF...
[M::mem_pestat] (25, 50, 75) percentile: (3263, 4667, 6357)
[M::mem_pestat] low and high boundaries for computing mean and std.dev: (1, 12545)
[M::mem_pestat] mean and std.dev: (3922.91, 2645.31)
[M::mem_pestat] low and high boundaries for proper pairs: (1, 15639)
[M::mem_pestat] skip orientation RR as there are not enough pairs
[M::mem_pestat] skip orientation RF
[M::mem_process_seqs] Processed 134880 reads in 92.352 CPU sec, 46.297 real sec
[M::process] read 135006 sequences (20000049 bp)...
[M::mem_pestat] # candidate unique pairs for (FF, FR, RF, RR): (2, 33116, 10, 2)
[M::mem_pestat] skip orientation FF as there are not enough pairs
[M::mem_pestat] analyzing insert size distribution for orientation FR...
[M::mem_pestat] (25, 50, 75) percentile: (222, 271, 324)
[M::mem_pestat] low and high boundaries for computing mean and std.dev: (18, 528)
[M::mem_pestat] mean and std.dev: (274.59, 77.38)
[M::mem_pestat] low and high boundaries for proper pairs: (1, 630)
[M::mem_pestat] analyzing insert size distribution for orientation RF...
[M::mem_pestat] (25, 50, 75) percentile: (1751, 6940, 8735)
[M::mem_pestat] low and high boundaries for computing mean and std.dev: (1, 22703)
[M::mem_pestat] mean and std.dev: (5537.70, 3535.80)
[M::mem_pestat] low and high boundaries for proper pairs: (1, 29687)
[M::mem_pestat] skip orientation RR as there are not enough pairs
[M::mem_pestat] skip orientation RF
[M::mem_process_seqs] Processed 135118 reads in 93.909 CPU sec, 52.190 real sec
[M::process] read 134922 sequences (20000162 bp)...
[M::mem_pestat] # candidate unique pairs for (FF, FR, RF, RR): (3, 32797, 13, 4)
[M::mem_pestat] skip orientation FF as there are not enough pairs
[M::mem_pestat] analyzing insert size distribution for orientation FR...
[M::mem_pestat] (25, 50, 75) percentile: (222, 272, 325)
[M::mem_pestat] low and high boundaries for computing mean and std.dev: (16, 531)
[M::mem_pestat] mean and std.dev: (275.24, 77.53)
[M::mem_pestat] low and high boundaries for proper pairs: (1, 634)
[M::mem_pestat] analyzing insert size distribution for orientation RF...
[M::mem_pestat] (25, 50, 75) percentile: (412, 2398, 7275)
[M::mem_pestat] low and high boundaries for computing mean and std.dev: (1, 21001)
[M::mem_pestat] mean and std.dev: (3387.38, 3130.61)
[M::mem_pestat] low and high boundaries for proper pairs: (1, 27864)
[M::mem_pestat] skip orientation RR as there are not enough pairs
[M::mem_pestat] skip orientation RF
[M::mem_process_seqs] Processed 135006 reads in 91.955 CPU sec, 46.074 real sec
[M::process] read 134986 sequences (20000269 bp)...
[M::mem_pestat] # candidate unique pairs for (FF, FR, RF, RR): (4, 32694, 15, 2)
[M::mem_pestat] skip orientation FF as there are not enough pairs
[M::mem_pestat] analyzing insert size distribution for orientation FR...
[M::mem_pestat] (25, 50, 75) percentile: (222, 271, 324)
[M::mem_pestat] low and high boundaries for computing mean and std.dev: (18, 528)
[M::mem_pestat] mean and std.dev: (274.74, 77.71)
[M::mem_pestat] low and high boundaries for proper pairs: (1, 630)
[M::mem_pestat] analyzing insert size distribution for orientation RF...
[M::mem_pestat] (25, 50, 75) percentile: (735, 2410, 7113)
[M::mem_pestat] low and high boundaries for computing mean and std.dev: (1, 19869)
[M::mem_pestat] mean and std.dev: (3542.27, 3308.73)
[M::mem_pestat] low and high boundaries for proper pairs: (1, 26247)
[M::mem_pestat] skip orientation RR as there are not enough pairs
[M::mem_pestat] skip orientation RF
[M::mem_process_seqs] Processed 134922 reads in 93.958 CPU sec, 47.180 real sec
[M::process] read 134978 sequences (20000294 bp)...
[M::mem_pestat] # candidate unique pairs for (FF, FR, RF, RR): (0, 33093, 11, 3)
[M::mem_pestat] skip orientation FF as there are not enough pairs
[M::mem_pestat] analyzing insert size distribution for orientation FR...
[M::mem_pestat] (25, 50, 75) percentile: (223, 273, 326)
[M::mem_pestat] low and high boundaries for computing mean and std.dev: (17, 532)
[M::mem_pestat] mean and std.dev: (275.68, 77.83)
[M::mem_pestat] low and high boundaries for proper pairs: (1, 635)
[M::mem_pestat] analyzing insert size distribution for orientation RF...
[M::mem_pestat] (25, 50, 75) percentile: (1259, 1958, 3297)
[M::mem_pestat] low and high boundaries for computing mean and std.dev: (1, 7373)
[M::mem_pestat] mean and std.dev: (2536.64, 1991.48)
[M::mem_pestat] low and high boundaries for proper pairs: (1, 10503)
[M::mem_pestat] skip orientation RR as there are not enough pairs
[M::mem_pestat] skip orientation RF
[M::mem_process_seqs] Processed 134986 reads in 93.321 CPU sec, 46.837 real sec
[M::process] read 135092 sequences (20000015 bp)...
[M::mem_pestat] # candidate unique pairs for (FF, FR, RF, RR): (1, 32768, 9, 1)
[M::mem_pestat] skip orientation FF as there are not enough pairs
[M::mem_pestat] analyzing insert size distribution for orientation FR...
[M::mem_pestat] (25, 50, 75) percentile: (223, 272, 325)
[M::mem_pestat] low and high boundaries for computing mean and std.dev: (19, 529)
[M::mem_pestat] mean and std.dev: (275.35, 77.44)
[M::mem_pestat] low and high boundaries for proper pairs: (1, 631)
[M::mem_pestat] skip orientation RF as there are not enough pairs
[M::mem_pestat] skip orientation RR as there are not enough pairs
[M::mem_process_seqs] Processed 134978 reads in 93.285 CPU sec, 46.806 real sec
[M::process] read 134984 sequences (20000167 bp)...
[M::mem_pestat] # candidate unique pairs for (FF, FR, RF, RR): (3, 32636, 12, 4)
[M::mem_pestat] skip orientation FF as there are not enough pairs
[M::mem_pestat] analyzing insert size distribution for orientation FR...
[M::mem_pestat] (25, 50, 75) percentile: (223, 272, 325)
[M::mem_pestat] low and high boundaries for computing mean and std.dev: (19, 529)
[M::mem_pestat] mean and std.dev: (275.36, 77.72)
[M::mem_pestat] low and high boundaries for proper pairs: (1, 631)
[M::mem_pestat] analyzing insert size distribution for orientation RF...
[M::mem_pestat] (25, 50, 75) percentile: (822, 7817, 9492)
[M::mem_pestat] low and high boundaries for computing mean and std.dev: (1, 26832)
[M::mem_pestat] mean and std.dev: (5064.58, 4065.52)
[M::mem_pestat] low and high boundaries for proper pairs: (1, 35502)
[M::mem_pestat] skip orientation RR as there are not enough pairs
[M::mem_pestat] skip orientation RF
[M::mem_process_seqs] Processed 135092 reads in 94.622 CPU sec, 47.454 real sec
[M::process] read 135018 sequences (20000208 bp)...
[M::mem_pestat] # candidate unique pairs for (FF, FR, RF, RR): (0, 32834, 13, 3)
[M::mem_pestat] skip orientation FF as there are not enough pairs
[M::mem_pestat] analyzing insert size distribution for orientation FR...
[M::mem_pestat] (25, 50, 75) percentile: (223, 272, 325)
[M::mem_pestat] low and high boundaries for computing mean and std.dev: (19, 529)
[M::mem_pestat] mean and std.dev: (275.36, 77.38)
[M::mem_pestat] low and high boundaries for proper pairs: (1, 631)
[M::mem_pestat] analyzing insert size distribution for orientation RF...
[M::mem_pestat] (25, 50, 75) percentile: (600, 1663, 5912)
[M::mem_pestat] low and high boundaries for computing mean and std.dev: (1, 16536)
[M::mem_pestat] mean and std.dev: (3214.92, 2936.68)
[M::mem_pestat] low and high boundaries for proper pairs: (1, 21848)
[M::mem_pestat] skip orientation RR as there are not enough pairs
[M::mem_pestat] skip orientation RF
[M::mem_process_seqs] Processed 134984 reads in 93.169 CPU sec, 46.896 real sec
[M::process] read 135022 sequences (20000000 bp)...
[M::mem_pestat] # candidate unique pairs for (FF, FR, RF, RR): (0, 32748, 10, 0)
[M::mem_pestat] skip orientation FF as there are not enough pairs
[M::mem_pestat] analyzing insert size distribution for orientation FR...
[M::mem_pestat] (25, 50, 75) percentile: (224, 273, 325)
[M::mem_pestat] low and high boundaries for computing mean and std.dev: (22, 527)
[M::mem_pestat] mean and std.dev: (275.56, 76.89)
[M::mem_pestat] low and high boundaries for proper pairs: (1, 628)
[M::mem_pestat] analyzing insert size distribution for orientation RF...
[M::mem_pestat] (25, 50, 75) percentile: (748, 5059, 7915)
[M::mem_pestat] low and high boundaries for computing mean and std.dev: (1, 22249)
[M::mem_pestat] mean and std.dev: (4726.70, 3630.13)
[M::mem_pestat] low and high boundaries for proper pairs: (1, 29416)
[M::mem_pestat] skip orientation RR as there are not enough pairs
[M::mem_pestat] skip orientation RF
[M::mem_process_seqs] Processed 135018 reads in 93.947 CPU sec, 47.106 real sec
[M::process] read 135040 sequences (20000088 bp)...
[M::mem_pestat] # candidate unique pairs for (FF, FR, RF, RR): (3, 32845, 9, 6)
[M::mem_pestat] skip orientation FF as there are not enough pairs
[M::mem_pestat] analyzing insert size distribution for orientation FR...
[M::mem_pestat] (25, 50, 75) percentile: (225, 274, 327)
[M::mem_pestat] low and high boundaries for computing mean and std.dev: (21, 531)
[M::mem_pestat] mean and std.dev: (277.36, 77.83)
[M::mem_pestat] low and high boundaries for proper pairs: (1, 633)
[M::mem_pestat] skip orientation RF as there are not enough pairs
[M::mem_pestat] skip orientation RR as there are not enough pairs
[M::mem_process_seqs] Processed 135022 reads in 92.639 CPU sec, 46.458 real sec
[M::process] read 135256 sequences (20000200 bp)...
[M::mem_pestat] # candidate unique pairs for (FF, FR, RF, RR): (6, 32845, 6, 3)
[M::mem_pestat] skip orientation FF as there are not enough pairs
[M::mem_pestat] analyzing insert size distribution for orientation FR...
[M::mem_pestat] (25, 50, 75) percentile: (224, 273, 326)
[M::mem_pestat] low and high boundaries for computing mean and std.dev: (20, 530)
[M::mem_pestat] mean and std.dev: (276.40, 77.01)
[M::mem_pestat] low and high boundaries for proper pairs: (1, 632)
[M::mem_pestat] skip orientation RF as there are not enough pairs
[M::mem_pestat] skip orientation RR as there are not enough pairs
[M::mem_process_seqs] Processed 135040 reads in 93.734 CPU sec, 47.028 real sec
[M::process] read 134934 sequences (20000168 bp)...
[M::mem_pestat] # candidate unique pairs for (FF, FR, RF, RR): (1, 32885, 9, 1)
[M::mem_pestat] skip orientation FF as there are not enough pairs
[M::mem_pestat] analyzing insert size distribution for orientation FR...
[M::mem_pestat] (25, 50, 75) percentile: (223, 272, 325)
[M::mem_pestat] low and high boundaries for computing mean and std.dev: (19, 529)
[M::mem_pestat] mean and std.dev: (275.28, 77.11)
[M::mem_pestat] low and high boundaries for proper pairs: (1, 631)
[M::mem_pestat] skip orientation RF as there are not enough pairs
[M::mem_pestat] skip orientation RR as there are not enough pairs
[M::mem_process_seqs] Processed 135256 reads in 93.539 CPU sec, 46.916 real sec
[M::process] read 135034 sequences (20000144 bp)...
[M::mem_pestat] # candidate unique pairs for (FF, FR, RF, RR): (1, 32945, 10, 2)
[M::mem_pestat] skip orientation FF as there are not enough pairs
[M::mem_pestat] analyzing insert size distribution for orientation FR...
[M::mem_pestat] (25, 50, 75) percentile: (222, 272, 325)
[M::mem_pestat] low and high boundaries for computing mean and std.dev: (16, 531)
[M::mem_pestat] mean and std.dev: (275.08, 77.41)
[M::mem_pestat] low and high boundaries for proper pairs: (1, 634)
[M::mem_pestat] analyzing insert size distribution for orientation RF...
[M::mem_pestat] (25, 50, 75) percentile: (360, 4805, 6593)
[M::mem_pestat] low and high boundaries for computing mean and std.dev: (1, 19059)
[M::mem_pestat] mean and std.dev: (3703.10, 3259.75)
[M::mem_pestat] low and high boundaries for proper pairs: (1, 25292)
[M::mem_pestat] skip orientation RR as there are not enough pairs
[M::mem_pestat] skip orientation RF
[M::mem_process_seqs] Processed 134934 reads in 91.358 CPU sec, 45.841 real sec
[M::process] read 134892 sequences (20000130 bp)...
[M::mem_pestat] # candidate unique pairs for (FF, FR, RF, RR): (6, 32872, 15, 1)
[M::mem_pestat] skip orientation FF as there are not enough pairs
[M::mem_pestat] analyzing insert size distribution for orientation FR...
[M::mem_pestat] (25, 50, 75) percentile: (223, 272, 324)
[M::mem_pestat] low and high boundaries for computing mean and std.dev: (21, 526)
[M::mem_pestat] mean and std.dev: (275.02, 77.52)
[M::mem_pestat] low and high boundaries for proper pairs: (1, 627)
[M::mem_pestat] analyzing insert size distribution for orientation RF...
[M::mem_pestat] (25, 50, 75) percentile: (2322, 2438, 7144)
[M::mem_pestat] low and high boundaries for computing mean and std.dev: (1, 16788)
[M::mem_pestat] mean and std.dev: (4155.53, 3232.94)
[M::mem_pestat] low and high boundaries for proper pairs: (1, 21610)
[M::mem_pestat] skip orientation RR as there are not enough pairs
[M::mem_pestat] skip orientation RF
[M::mem_process_seqs] Processed 135034 reads in 91.539 CPU sec, 46.106 real sec
[M::process] read 134962 sequences (20000098 bp)...
[M::mem_pestat] # candidate unique pairs for (FF, FR, RF, RR): (2, 32885, 14, 5)
[M::mem_pestat] skip orientation FF as there are not enough pairs
[M::mem_pestat] analyzing insert size distribution for orientation FR...
[M::mem_pestat] (25, 50, 75) percentile: (223, 273, 326)
[M::mem_pestat] low and high boundaries for computing mean and std.dev: (17, 532)
[M::mem_pestat] mean and std.dev: (276.10, 78.45)
[M::mem_pestat] low and high boundaries for proper pairs: (1, 635)
[M::mem_pestat] analyzing insert size distribution for orientation RF...
[M::mem_pestat] (25, 50, 75) percentile: (193, 3264, 4871)
[M::mem_pestat] low and high boundaries for computing mean and std.dev: (1, 14227)
[M::mem_pestat] mean and std.dev: (3038.64, 2591.22)
[M::mem_pestat] low and high boundaries for proper pairs: (1, 18905)
[M::mem_pestat] skip orientation RR as there are not enough pairs
[M::mem_pestat] skip orientation RF
[M::mem_process_seqs] Processed 134892 reads in 94.332 CPU sec, 47.305 real sec
[M::process] read 134986 sequences (20000106 bp)...
[M::mem_pestat] # candidate unique pairs for (FF, FR, RF, RR): (2, 32668, 10, 0)
[M::mem_pestat] skip orientation FF as there are not enough pairs
[M::mem_pestat] analyzing insert size distribution for orientation FR...
[M::mem_pestat] (25, 50, 75) percentile: (224, 273, 324)
[M::mem_pestat] low and high boundaries for computing mean and std.dev: (24, 524)
[M::mem_pestat] mean and std.dev: (275.57, 77.65)
[M::mem_pestat] low and high boundaries for proper pairs: (1, 624)
[M::mem_pestat] analyzing insert size distribution for orientation RF...
[M::mem_pestat] (25, 50, 75) percentile: (3039, 5831, 7576)
[M::mem_pestat] low and high boundaries for computing mean and std.dev: (1, 16650)
[M::mem_pestat] mean and std.dev: (4963.80, 2680.24)
[M::mem_pestat] low and high boundaries for proper pairs: (1, 21187)
[M::mem_pestat] skip orientation RR as there are not enough pairs
[M::mem_pestat] skip orientation RF
[M::mem_process_seqs] Processed 134962 reads in 93.881 CPU sec, 47.138 real sec
[M::process] read 134978 sequences (20000259 bp)...
[M::mem_pestat] # candidate unique pairs for (FF, FR, RF, RR): (3, 32894, 11, 3)
[M::mem_pestat] skip orientation FF as there are not enough pairs
[M::mem_pestat] analyzing insert size distribution for orientation FR...
[M::mem_pestat] (25, 50, 75) percentile: (223, 274, 326)
[M::mem_pestat] low and high boundaries for computing mean and std.dev: (17, 532)
[M::mem_pestat] mean and std.dev: (276.66, 77.93)
[M::mem_pestat] low and high boundaries for proper pairs: (1, 635)
[M::mem_pestat] analyzing insert size distribution for orientation RF...
[M::mem_pestat] (25, 50, 75) percentile: (214, 562, 3274)
[M::mem_pestat] low and high boundaries for computing mean and std.dev: (1, 9394)
[M::mem_pestat] mean and std.dev: (1848.18, 2553.11)
[M::mem_pestat] low and high boundaries for proper pairs: (1, 12454)
[M::mem_pestat] skip orientation RR as there are not enough pairs
[M::mem_pestat] skip orientation RF
[M::mem_process_seqs] Processed 134986 reads in 93.684 CPU sec, 46.979 real sec
[M::process] read 135010 sequences (20000264 bp)...
[M::mem_pestat] # candidate unique pairs for (FF, FR, RF, RR): (2, 32999, 20, 5)
[M::mem_pestat] skip orientation FF as there are not enough pairs
[M::mem_pestat] analyzing insert size distribution for orientation FR...
[M::mem_pestat] (25, 50, 75) percentile: (224, 272, 325)
[M::mem_pestat] low and high boundaries for computing mean and std.dev: (22, 527)
[M::mem_pestat] mean and std.dev: (276.09, 77.14)
[M::mem_pestat] low and high boundaries for proper pairs: (1, 628)
[M::mem_pestat] analyzing insert size distribution for orientation RF...
[M::mem_pestat] (25, 50, 75) percentile: (599, 5146, 7184)
[M::mem_pestat] low and high boundaries for computing mean and std.dev: (1, 20354)
[M::mem_pestat] mean and std.dev: (4481.20, 3199.28)
[M::mem_pestat] low and high boundaries for proper pairs: (1, 26939)
[M::mem_pestat] skip orientation RR as there are not enough pairs
[M::mem_pestat] skip orientation RF
[M::mem_process_seqs] Processed 134978 reads in 94.890 CPU sec, 52.926 real sec
[M::process] read 134960 sequences (20000216 bp)...
[M::mem_pestat] # candidate unique pairs for (FF, FR, RF, RR): (4, 32775, 5, 1)
[M::mem_pestat] skip orientation FF as there are not enough pairs
[M::mem_pestat] analyzing insert size distribution for orientation FR...
[M::mem_pestat] (25, 50, 75) percentile: (224, 273, 326)
[M::mem_pestat] low and high boundaries for computing mean and std.dev: (20, 530)
[M::mem_pestat] mean and std.dev: (276.67, 77.08)
[M::mem_pestat] low and high boundaries for proper pairs: (1, 632)
[M::mem_pestat] skip orientation RF as there are not enough pairs
[M::mem_pestat] skip orientation RR as there are not enough pairs
[M::mem_process_seqs] Processed 135010 reads in 91.942 CPU sec, 46.115 real sec
[M::process] read 134868 sequences (20000159 bp)...
[M::mem_pestat] # candidate unique pairs for (FF, FR, RF, RR): (2, 32727, 18, 6)
[M::mem_pestat] skip orientation FF as there are not enough pairs
[M::mem_pestat] analyzing insert size distribution for orientation FR...
[M::mem_pestat] (25, 50, 75) percentile: (223, 272, 326)
[M::mem_pestat] low and high boundaries for computing mean and std.dev: (17, 532)
[M::mem_pestat] mean and std.dev: (275.80, 77.99)
[M::mem_pestat] low and high boundaries for proper pairs: (1, 635)
[M::mem_pestat] analyzing insert size distribution for orientation RF...
[M::mem_pestat] (25, 50, 75) percentile: (237, 4911, 7597)
[M::mem_pestat] low and high boundaries for computing mean and std.dev: (1, 22317)
[M::mem_pestat] mean and std.dev: (4320.17, 3412.39)
[M::mem_pestat] low and high boundaries for proper pairs: (1, 29677)
[M::mem_pestat] skip orientation RR as there are not enough pairs
[M::mem_pestat] skip orientation RF
[M::mem_process_seqs] Processed 134960 reads in 92.782 CPU sec, 46.491 real sec
[M::process] read 134856 sequences (20000036 bp)...
[M::mem_pestat] # candidate unique pairs for (FF, FR, RF, RR): (2, 32833, 16, 0)
[M::mem_pestat] skip orientation FF as there are not enough pairs
[M::mem_pestat] analyzing insert size distribution for orientation FR...
[M::mem_pestat] (25, 50, 75) percentile: (225, 274, 327)
[M::mem_pestat] low and high boundaries for computing mean and std.dev: (21, 531)
[M::mem_pestat] mean and std.dev: (276.89, 77.96)
[M::mem_pestat] low and high boundaries for proper pairs: (1, 633)
[M::mem_pestat] analyzing insert size distribution for orientation RF...
[M::mem_pestat] (25, 50, 75) percentile: (179, 3188, 7214)
[M::mem_pestat] low and high boundaries for computing mean and std.dev: (1, 21284)
[M::mem_pestat] mean and std.dev: (3483.06, 3046.55)
[M::mem_pestat] low and high boundaries for proper pairs: (1, 28319)
[M::mem_pestat] skip orientation RR as there are not enough pairs
[M::mem_pestat] skip orientation RF
[M::mem_process_seqs] Processed 134868 reads in 92.372 CPU sec, 46.430 real sec
[M::process] read 135584 sequences (20000182 bp)...
[M::mem_pestat] # candidate unique pairs for (FF, FR, RF, RR): (1, 32618, 11, 1)
[M::mem_pestat] skip orientation FF as there are not enough pairs
[M::mem_pestat] analyzing insert size distribution for orientation FR...
[M::mem_pestat] (25, 50, 75) percentile: (224, 274, 327)
[M::mem_pestat] low and high boundaries for computing mean and std.dev: (18, 533)
[M::mem_pestat] mean and std.dev: (277.29, 77.81)
[M::mem_pestat] low and high boundaries for proper pairs: (1, 636)
[M::mem_pestat] analyzing insert size distribution for orientation RF...
[M::mem_pestat] (25, 50, 75) percentile: (456, 4777, 5094)
[M::mem_pestat] low and high boundaries for computing mean and std.dev: (1, 14370)
[M::mem_pestat] mean and std.dev: (3474.00, 2529.84)
[M::mem_pestat] low and high boundaries for proper pairs: (1, 19008)
[M::mem_pestat] skip orientation RR as there are not enough pairs
[M::mem_pestat] skip orientation RF
[M::mem_process_seqs] Processed 134856 reads in 94.338 CPU sec, 47.514 real sec
[M::process] read 135038 sequences (20000090 bp)...
[M::mem_pestat] # candidate unique pairs for (FF, FR, RF, RR): (4, 32432, 7, 5)
[M::mem_pestat] skip orientation FF as there are not enough pairs
[M::mem_pestat] analyzing insert size distribution for orientation FR...
[M::mem_pestat] (25, 50, 75) percentile: (224, 273, 326)
[M::mem_pestat] low and high boundaries for computing mean and std.dev: (20, 530)
[M::mem_pestat] mean and std.dev: (276.59, 77.02)
[M::mem_pestat] low and high boundaries for proper pairs: (1, 632)
[M::mem_pestat] skip orientation RF as there are not enough pairs
[M::mem_pestat] skip orientation RR as there are not enough pairs
[M::mem_process_seqs] Processed 135584 reads in 94.201 CPU sec, 47.226 real sec
[M::process] read 134926 sequences (20000296 bp)...
[M::mem_pestat] # candidate unique pairs for (FF, FR, RF, RR): (1, 32822, 9, 1)
[M::mem_pestat] skip orientation FF as there are not enough pairs
[M::mem_pestat] analyzing insert size distribution for orientation FR...
[M::mem_pestat] (25, 50, 75) percentile: (224, 273, 326)
[M::mem_pestat] low and high boundaries for computing mean and std.dev: (20, 530)
[M::mem_pestat] mean and std.dev: (276.75, 77.70)
[M::mem_pestat] low and high boundaries for proper pairs: (1, 632)
[M::mem_pestat] skip orientation RF as there are not enough pairs
[M::mem_pestat] skip orientation RR as there are not enough pairs
[M::mem_process_seqs] Processed 135038 reads in 92.664 CPU sec, 46.488 real sec
[M::process] read 134976 sequences (20000001 bp)...
[M::mem_pestat] # candidate unique pairs for (FF, FR, RF, RR): (0, 32829, 13, 0)
[M::mem_pestat] skip orientation FF as there are not enough pairs
[M::mem_pestat] analyzing insert size distribution for orientation FR...
[M::mem_pestat] (25, 50, 75) percentile: (224, 273, 327)
[M::mem_pestat] low and high boundaries for computing mean and std.dev: (18, 533)
[M::mem_pestat] mean and std.dev: (276.89, 77.84)
[M::mem_pestat] low and high boundaries for proper pairs: (1, 636)
[M::mem_pestat] analyzing insert size distribution for orientation RF...
[M::mem_pestat] (25, 50, 75) percentile: (434, 2559, 5911)
[M::mem_pestat] low and high boundaries for computing mean and std.dev: (1, 16865)
[M::mem_pestat] mean and std.dev: (3063.00, 3202.52)
[M::mem_pestat] low and high boundaries for proper pairs: (1, 22342)
[M::mem_pestat] skip orientation RR as there are not enough pairs
[M::mem_pestat] skip orientation RF
[M::mem_process_seqs] Processed 134926 reads in 93.337 CPU sec, 46.919 real sec
[M::process] read 134958 sequences (20000036 bp)...
[M::mem_pestat] # candidate unique pairs for (FF, FR, RF, RR): (4, 32595, 11, 2)
[M::mem_pestat] skip orientation FF as there are not enough pairs
[M::mem_pestat] analyzing insert size distribution for orientation FR...
[M::mem_pestat] (25, 50, 75) percentile: (225, 274, 326)
[M::mem_pestat] low and high boundaries for computing mean and std.dev: (23, 528)
[M::mem_pestat] mean and std.dev: (276.82, 77.64)
[M::mem_pestat] low and high boundaries for proper pairs: (1, 629)
[M::mem_pestat] analyzing insert size distribution for orientation RF...
[M::mem_pestat] (25, 50, 75) percentile: (285, 3091, 5812)
[M::mem_pestat] low and high boundaries for computing mean and std.dev: (1, 16866)
[M::mem_pestat] mean and std.dev: (3538.18, 3017.55)
[M::mem_pestat] low and high boundaries for proper pairs: (1, 22393)
[M::mem_pestat] skip orientation RR as there are not enough pairs
[M::mem_pestat] skip orientation RF
[M::mem_process_seqs] Processed 134976 reads in 93.434 CPU sec, 46.952 real sec
[M::process] read 134952 sequences (20000064 bp)...
[M::mem_pestat] # candidate unique pairs for (FF, FR, RF, RR): (1, 33006, 8, 1)
[M::mem_pestat] skip orientation FF as there are not enough pairs
[M::mem_pestat] analyzing insert size distribution for orientation FR...
[M::mem_pestat] (25, 50, 75) percentile: (225, 274, 327)
[M::mem_pestat] low and high boundaries for computing mean and std.dev: (21, 531)
[M::mem_pestat] mean and std.dev: (277.49, 77.86)
[M::mem_pestat] low and high boundaries for proper pairs: (1, 633)
[M::mem_pestat] skip orientation RF as there are not enough pairs
[M::mem_pestat] skip orientation RR as there are not enough pairs
[M::mem_process_seqs] Processed 134958 reads in 92.489 CPU sec, 46.423 real sec
[M::process] read 134898 sequences (20000064 bp)...
[M::mem_pestat] # candidate unique pairs for (FF, FR, RF, RR): (1, 32950, 18, 0)
[M::mem_pestat] skip orientation FF as there are not enough pairs
[M::mem_pestat] analyzing insert size distribution for orientation FR...
[M::mem_pestat] (25, 50, 75) percentile: (224, 274, 328)
[M::mem_pestat] low and high boundaries for computing mean and std.dev: (16, 536)
[M::mem_pestat] mean and std.dev: (277.76, 78.23)
[M::mem_pestat] low and high boundaries for proper pairs: (1, 640)
[M::mem_pestat] analyzing insert size distribution for orientation RF...
[M::mem_pestat] (25, 50, 75) percentile: (995, 2647, 3519)
[M::mem_pestat] low and high boundaries for computing mean and std.dev: (1, 8567)
[M::mem_pestat] mean and std.dev: (2398.94, 1616.52)
[M::mem_pestat] low and high boundaries for proper pairs: (1, 11091)
[M::mem_pestat] skip orientation RR as there are not enough pairs
[M::mem_pestat] skip orientation RF
[M::mem_process_seqs] Processed 134952 reads in 101.600 CPU sec, 51.082 real sec
[M::process] read 134946 sequences (20000093 bp)...
[M::mem_pestat] # candidate unique pairs for (FF, FR, RF, RR): (5, 33050, 15, 1)
[M::mem_pestat] skip orientation FF as there are not enough pairs
[M::mem_pestat] analyzing insert size distribution for orientation FR...
[M::mem_pestat] (25, 50, 75) percentile: (224, 273, 326)
[M::mem_pestat] low and high boundaries for computing mean and std.dev: (20, 530)
[M::mem_pestat] mean and std.dev: (276.67, 77.07)
[M::mem_pestat] low and high boundaries for proper pairs: (1, 632)
[M::mem_pestat] analyzing insert size distribution for orientation RF...
[M::mem_pestat] (25, 50, 75) percentile: (2198, 4549, 5318)
[M::mem_pestat] low and high boundaries for computing mean and std.dev: (1, 11558)
[M::mem_pestat] mean and std.dev: (3705.93, 2364.37)
[M::mem_pestat] low and high boundaries for proper pairs: (1, 14678)
[M::mem_pestat] skip orientation RR as there are not enough pairs
[M::mem_pestat] skip orientation RF
[M::mem_process_seqs] Processed 134898 reads in 109.547 CPU sec, 55.254 real sec
[M::process] read 134956 sequences (20000220 bp)...
[M::mem_pestat] # candidate unique pairs for (FF, FR, RF, RR): (4, 32727, 17, 6)
[M::mem_pestat] skip orientation FF as there are not enough pairs
[M::mem_pestat] analyzing insert size distribution for orientation FR...
[M::mem_pestat] (25, 50, 75) percentile: (225, 274, 327)
[M::mem_pestat] low and high boundaries for computing mean and std.dev: (21, 531)
[M::mem_pestat] mean and std.dev: (277.45, 77.74)
[M::mem_pestat] low and high boundaries for proper pairs: (1, 633)
[M::mem_pestat] analyzing insert size distribution for orientation RF...
[M::mem_pestat] (25, 50, 75) percentile: (1591, 2437, 6364)
[M::mem_pestat] low and high boundaries for computing mean and std.dev: (1, 15910)
[M::mem_pestat] mean and std.dev: (3089.53, 2355.25)
[M::mem_pestat] low and high boundaries for proper pairs: (1, 20683)
[M::mem_pestat] skip orientation RR as there are not enough pairs
[M::mem_pestat] skip orientation RF
[M::mem_process_seqs] Processed 134946 reads in 100.117 CPU sec, 50.278 real sec
[M::process] read 135044 sequences (20000030 bp)...
[M::mem_pestat] # candidate unique pairs for (FF, FR, RF, RR): (5, 32465, 11, 2)
[M::mem_pestat] skip orientation FF as there are not enough pairs
[M::mem_pestat] analyzing insert size distribution for orientation FR...
[M::mem_pestat] (25, 50, 75) percentile: (225, 274, 327)
[M::mem_pestat] low and high boundaries for computing mean and std.dev: (21, 531)
[M::mem_pestat] mean and std.dev: (277.64, 78.04)
[M::mem_pestat] low and high boundaries for proper pairs: (1, 633)
[M::mem_pestat] analyzing insert size distribution for orientation RF...
[M::mem_pestat] (25, 50, 75) percentile: (2198, 3323, 6365)
[M::mem_pestat] low and high boundaries for computing mean and std.dev: (1, 14699)
[M::mem_pestat] mean and std.dev: (3631.27, 2538.51)
[M::mem_pestat] low and high boundaries for proper pairs: (1, 18866)
[M::mem_pestat] skip orientation RR as there are not enough pairs
[M::mem_pestat] skip orientation RF
[M::mem_process_seqs] Processed 134956 reads in 94.061 CPU sec, 47.190 real sec
[M::process] read 135146 sequences (20000193 bp)...
[M::mem_pestat] # candidate unique pairs for (FF, FR, RF, RR): (1, 32693, 13, 1)
[M::mem_pestat] skip orientation FF as there are not enough pairs
[M::mem_pestat] analyzing insert size distribution for orientation FR...
[M::mem_pestat] (25, 50, 75) percentile: (226, 275, 328)
[M::mem_pestat] low and high boundaries for computing mean and std.dev: (22, 532)
[M::mem_pestat] mean and std.dev: (278.29, 78.12)
[M::mem_pestat] low and high boundaries for proper pairs: (1, 634)
[M::mem_pestat] analyzing insert size distribution for orientation RF...
[M::mem_pestat] (25, 50, 75) percentile: (449, 1905, 4547)
[M::mem_pestat] low and high boundaries for computing mean and std.dev: (1, 12743)
[M::mem_pestat] mean and std.dev: (2432.54, 2481.15)
[M::mem_pestat] low and high boundaries for proper pairs: (1, 16841)
[M::mem_pestat] skip orientation RR as there are not enough pairs
[M::mem_pestat] skip orientation RF
[M::mem_process_seqs] Processed 135044 reads in 92.429 CPU sec, 46.327 real sec
[M::process] read 135048 sequences (20000125 bp)...
[M::mem_pestat] # candidate unique pairs for (FF, FR, RF, RR): (2, 32650, 7, 1)
[M::mem_pestat] skip orientation FF as there are not enough pairs
[M::mem_pestat] analyzing insert size distribution for orientation FR...
[M::mem_pestat] (25, 50, 75) percentile: (226, 275, 328)
[M::mem_pestat] low and high boundaries for computing mean and std.dev: (22, 532)
[M::mem_pestat] mean and std.dev: (278.56, 78.34)
[M::mem_pestat] low and high boundaries for proper pairs: (1, 634)
[M::mem_pestat] skip orientation RF as there are not enough pairs
[M::mem_pestat] skip orientation RR as there are not enough pairs
[M::mem_process_seqs] Processed 135146 reads in 94.399 CPU sec, 52.490 real sec
[M::process] read 135366 sequences (20000237 bp)...
[M::mem_pestat] # candidate unique pairs for (FF, FR, RF, RR): (1, 32860, 11, 1)
[M::mem_pestat] skip orientation FF as there are not enough pairs
[M::mem_pestat] analyzing insert size distribution for orientation FR...
[M::mem_pestat] (25, 50, 75) percentile: (225, 274, 327)
[M::mem_pestat] low and high boundaries for computing mean and std.dev: (21, 531)
[M::mem_pestat] mean and std.dev: (277.34, 77.70)
[M::mem_pestat] low and high boundaries for proper pairs: (1, 633)
[M::mem_pestat] analyzing insert size distribution for orientation RF...
[M::mem_pestat] (25, 50, 75) percentile: (1609, 4882, 8351)
[M::mem_pestat] low and high boundaries for computing mean and std.dev: (1, 21835)
[M::mem_pestat] mean and std.dev: (4798.82, 3306.15)
[M::mem_pestat] low and high boundaries for proper pairs: (1, 28577)
[M::mem_pestat] skip orientation RR as there are not enough pairs
[M::mem_pestat] skip orientation RF
[M::mem_process_seqs] Processed 135048 reads in 93.626 CPU sec, 46.945 real sec
[M::process] read 135194 sequences (20000012 bp)...
[M::mem_pestat] # candidate unique pairs for (FF, FR, RF, RR): (2, 32909, 14, 0)
[M::mem_pestat] skip orientation FF as there are not enough pairs
[M::mem_pestat] analyzing insert size distribution for orientation FR...
[M::mem_pestat] (25, 50, 75) percentile: (222, 270, 323)
[M::mem_pestat] low and high boundaries for computing mean and std.dev: (20, 525)
[M::mem_pestat] mean and std.dev: (273.43, 77.18)
[M::mem_pestat] low and high boundaries for proper pairs: (1, 626)
[M::mem_pestat] analyzing insert size distribution for orientation RF...
[M::mem_pestat] (25, 50, 75) percentile: (106, 1959, 4949)
[M::mem_pestat] low and high boundaries for computing mean and std.dev: (1, 14635)
[M::mem_pestat] mean and std.dev: (2933.57, 3063.79)
[M::mem_pestat] low and high boundaries for proper pairs: (1, 19478)
[M::mem_pestat] skip orientation RR as there are not enough pairs
[M::mem_pestat] skip orientation RF
[M::mem_process_seqs] Processed 135366 reads in 93.879 CPU sec, 47.047 real sec
[M::process] read 135428 sequences (20000238 bp)...
[M::mem_pestat] # candidate unique pairs for (FF, FR, RF, RR): (1, 33060, 8, 3)
[M::mem_pestat] skip orientation FF as there are not enough pairs
[M::mem_pestat] analyzing insert size distribution for orientation FR...
[M::mem_pestat] (25, 50, 75) percentile: (220, 270, 324)
[M::mem_pestat] low and high boundaries for computing mean and std.dev: (12, 532)
[M::mem_pestat] mean and std.dev: (273.18, 77.35)
[M::mem_pestat] low and high boundaries for proper pairs: (1, 636)
[M::mem_pestat] skip orientation RF as there are not enough pairs
[M::mem_pestat] skip orientation RR as there are not enough pairs
[M::mem_process_seqs] Processed 135194 reads in 92.971 CPU sec, 46.817 real sec
[M::process] read 135236 sequences (20000134 bp)...
[M::mem_pestat] # candidate unique pairs for (FF, FR, RF, RR): (1, 32750, 8, 5)
[M::mem_pestat] skip orientation FF as there are not enough pairs
[M::mem_pestat] analyzing insert size distribution for orientation FR...
[M::mem_pestat] (25, 50, 75) percentile: (221, 270, 323)
[M::mem_pestat] low and high boundaries for computing mean and std.dev: (17, 527)
[M::mem_pestat] mean and std.dev: (273.61, 77.71)
[M::mem_pestat] low and high boundaries for proper pairs: (1, 629)
[M::mem_pestat] skip orientation RF as there are not enough pairs
[M::mem_pestat] skip orientation RR as there are not enough pairs
[M::mem_process_seqs] Processed 135428 reads in 93.551 CPU sec, 46.921 real sec
[M::process] read 135146 sequences (20000278 bp)...
[M::mem_pestat] # candidate unique pairs for (FF, FR, RF, RR): (1, 32953, 7, 4)
[M::mem_pestat] skip orientation FF as there are not enough pairs
[M::mem_pestat] analyzing insert size distribution for orientation FR...
[M::mem_pestat] (25, 50, 75) percentile: (220, 269, 321)
[M::mem_pestat] low and high boundaries for computing mean and std.dev: (18, 523)
[M::mem_pestat] mean and std.dev: (272.05, 77.10)
[M::mem_pestat] low and high boundaries for proper pairs: (1, 624)
[M::mem_pestat] skip orientation RF as there are not enough pairs
[M::mem_pestat] skip orientation RR as there are not enough pairs
[M::mem_process_seqs] Processed 135236 reads in 93.221 CPU sec, 46.791 real sec
[M::process] read 135044 sequences (20000008 bp)...
[M::mem_pestat] # candidate unique pairs for (FF, FR, RF, RR): (1, 32836, 16, 0)
[M::mem_pestat] skip orientation FF as there are not enough pairs
[M::mem_pestat] analyzing insert size distribution for orientation FR...
[M::mem_pestat] (25, 50, 75) percentile: (222, 270, 323)
[M::mem_pestat] low and high boundaries for computing mean and std.dev: (20, 525)
[M::mem_pestat] mean and std.dev: (273.78, 77.20)
[M::mem_pestat] low and high boundaries for proper pairs: (1, 626)
[M::mem_pestat] analyzing insert size distribution for orientation RF...
[M::mem_pestat] (25, 50, 75) percentile: (285, 1970, 4964)
[M::mem_pestat] low and high boundaries for computing mean and std.dev: (1, 14322)
[M::mem_pestat] mean and std.dev: (2728.38, 2379.56)
[M::mem_pestat] low and high boundaries for proper pairs: (1, 19001)
[M::mem_pestat] skip orientation RR as there are not enough pairs
[M::mem_pestat] skip orientation RF
[M::mem_process_seqs] Processed 135146 reads in 92.593 CPU sec, 46.407 real sec
[M::process] read 135178 sequences (20000286 bp)...
[M::mem_pestat] # candidate unique pairs for (FF, FR, RF, RR): (5, 32786, 11, 2)
[M::mem_pestat] skip orientation FF as there are not enough pairs
[M::mem_pestat] analyzing insert size distribution for orientation FR...
[M::mem_pestat] (25, 50, 75) percentile: (220, 270, 322)
[M::mem_pestat] low and high boundaries for computing mean and std.dev: (16, 526)
[M::mem_pestat] mean and std.dev: (272.81, 77.36)
[M::mem_pestat] low and high boundaries for proper pairs: (1, 628)
[M::mem_pestat] analyzing insert size distribution for orientation RF...
[M::mem_pestat] (25, 50, 75) percentile: (1658, 5172, 8259)
[M::mem_pestat] low and high boundaries for computing mean and std.dev: (1, 21461)
[M::mem_pestat] mean and std.dev: (4891.45, 3398.62)
[M::mem_pestat] low and high boundaries for proper pairs: (1, 28062)
[M::mem_pestat] skip orientation RR as there are not enough pairs
[M::mem_pestat] skip orientation RF
[M::mem_process_seqs] Processed 135044 reads in 106.249 CPU sec, 53.354 real sec
[M::process] read 135114 sequences (20000264 bp)...
[M::mem_pestat] # candidate unique pairs for (FF, FR, RF, RR): (4, 32848, 13, 2)
[M::mem_pestat] skip orientation FF as there are not enough pairs
[M::mem_pestat] analyzing insert size distribution for orientation FR...
[M::mem_pestat] (25, 50, 75) percentile: (219, 269, 322)
[M::mem_pestat] low and high boundaries for computing mean and std.dev: (13, 528)
[M::mem_pestat] mean and std.dev: (272.56, 77.40)
[M::mem_pestat] low and high boundaries for proper pairs: (1, 631)
[M::mem_pestat] analyzing insert size distribution for orientation RF...
[M::mem_pestat] (25, 50, 75) percentile: (391, 2327, 6691)
[M::mem_pestat] low and high boundaries for computing mean and std.dev: (1, 19291)
[M::mem_pestat] mean and std.dev: (3343.85, 2803.72)
[M::mem_pestat] low and high boundaries for proper pairs: (1, 25591)
[M::mem_pestat] skip orientation RR as there are not enough pairs
[M::mem_pestat] skip orientation RF
[M::mem_process_seqs] Processed 135178 reads in 111.329 CPU sec, 55.934 real sec
[M::process] read 61018 sequences (9030879 bp)...
[M::mem_pestat] # candidate unique pairs for (FF, FR, RF, RR): (5, 32750, 9, 0)
[M::mem_pestat] skip orientation FF as there are not enough pairs
[M::mem_pestat] analyzing insert size distribution for orientation FR...
[M::mem_pestat] (25, 50, 75) percentile: (221, 270, 323)
[M::mem_pestat] low and high boundaries for computing mean and std.dev: (17, 527)
[M::mem_pestat] mean and std.dev: (273.99, 77.17)
[M::mem_pestat] low and high boundaries for proper pairs: (1, 629)
[M::mem_pestat] skip orientation RF as there are not enough pairs
[M::mem_pestat] skip orientation RR as there are not enough pairs
[M::mem_process_seqs] Processed 135114 reads in 94.617 CPU sec, 47.618 real sec
[M::mem_pestat] # candidate unique pairs for (FF, FR, RF, RR): (1, 14896, 9, 0)
[M::mem_pestat] skip orientation FF as there are not enough pairs
[M::mem_pestat] analyzing insert size distribution for orientation FR...
[M::mem_pestat] (25, 50, 75) percentile: (221, 269, 321)
[M::mem_pestat] low and high boundaries for computing mean and std.dev: (21, 521)
[M::mem_pestat] mean and std.dev: (272.28, 76.96)
[M::mem_pestat] low and high boundaries for proper pairs: (1, 621)
[M::mem_pestat] skip orientation RF as there are not enough pairs
[M::mem_pestat] skip orientation RR as there are not enough pairs
[M::mem_process_seqs] Processed 61018 reads in 42.939 CPU sec, 21.559 real sec
[main] Version: 0.7.17-r1188
[main] CMD: bwa mem -t 2 /domus/h1/joed4996/Genome_analysis_local_rep/results/02_genome_assembly/canu//canu_assembly.contigs.fasta /home/joed4996/Genome_analysis_local_rep/results/01_preprocessing/trimmomatic//illumina_trimmed_1P.fq.gz /home/joed4996/Genome_analysis_local_rep/results/01_preprocessing/trimmomatic//illumina_trimmed_2P.fq.gz
[main] Real time: 3843.424 sec; CPU: 7048.460 sec
[bam_sort_core] merging from 4 files and 1 in-memory blocks...
total 672124
-rw-rw-r-- 1 joed4996 joed4996 685465724 Apr 23 23:14 assembly_hybrid.bam
-rw-rw-r-- 1 joed4996 joed4996     74172 Apr 23 23:12 slurm-7719943.out

Currently Loaded Modules:
  1) bioinfo-tools   2) bwa/0.7.17   3) samtools/1.17

 

JOB = 7719943
